{
"contracts/AuthorizedContract.sol":{"l":{"21":24,"22":24,"27":56,"28":56,"30":56,"31":56,"35":0,"36":0,"38":0,"39":0},"path":"/Users/irvingsanchez/codecrypto/curso/codeEcommerce/contracts/AuthorizedContract.sol","s":{"1":24,"2":56,"3":56,"4":56,"5":0,"6":0,"7":0},"b":{"1":[24,0],"2":[0,24],"3":[56,0],"4":[56,0],"5":[56,0],"6":[0,0],"7":[0,0],"8":[0,0]},"f":{"1":24,"2":56,"3":0},"fnMap":{"1":{"name":"onlyAuthorized","line":20,"loc":{"start":{"line":20,"column":4},"end":{"line":23,"column":4}}},"2":{"name":"authorizeContract","line":26,"loc":{"start":{"line":26,"column":4},"end":{"line":32,"column":4}}},"3":{"name":"deauthorizeContract","line":34,"loc":{"start":{"line":34,"column":4},"end":{"line":40,"column":4}}}},"statementMap":{"1":{"start":{"line":21,"column":8},"end":{"line":21,"column":90}},"2":{"start":{"line":27,"column":8},"end":{"line":27,"column":73}},"3":{"start":{"line":28,"column":8},"end":{"line":28,"column":84}},"4":{"start":{"line":31,"column":8},"end":{"line":31,"column":48}},"5":{"start":{"line":35,"column":8},"end":{"line":35,"column":73}},"6":{"start":{"line":36,"column":8},"end":{"line":36,"column":79}},"7":{"start":{"line":39,"column":8},"end":{"line":39,"column":50}}},"branchMap":{"1":{"line":21,"type":"if","locations":[{"start":{"line":21,"column":8},"end":{"line":21,"column":8}},{"start":{"line":21,"column":8},"end":{"line":21,"column":8}}]},"2":{"line":21,"type":"cond-expr","locations":[{"start":{"line":21,"column":16},"end":{"line":21,"column":36}},{"start":{"line":21,"column":41},"end":{"line":21,"column":71}}]},"3":{"line":26,"type":"if","locations":[{"start":{"line":26,"column":74},"end":{"line":26,"column":74}},{"start":{"line":26,"column":74},"end":{"line":26,"column":74}}]},"4":{"line":27,"type":"if","locations":[{"start":{"line":27,"column":8},"end":{"line":27,"column":8}},{"start":{"line":27,"column":8},"end":{"line":27,"column":8}}]},"5":{"line":28,"type":"if","locations":[{"start":{"line":28,"column":8},"end":{"line":28,"column":8}},{"start":{"line":28,"column":8},"end":{"line":28,"column":8}}]},"6":{"line":34,"type":"if","locations":[{"start":{"line":34,"column":76},"end":{"line":34,"column":76}},{"start":{"line":34,"column":76},"end":{"line":34,"column":76}}]},"7":{"line":35,"type":"if","locations":[{"start":{"line":35,"column":8},"end":{"line":35,"column":8}},{"start":{"line":35,"column":8},"end":{"line":35,"column":8}}]},"8":{"line":36,"type":"if","locations":[{"start":{"line":36,"column":8},"end":{"line":36,"column":8}},{"start":{"line":36,"column":8},"end":{"line":36,"column":8}}]}}},
"contracts/Client.sol":{"l":{"60":10,"61":10,"65":9,"66":9,"70":3,"74":3,"93":6,"98":6,"108":6,"109":6,"110":6,"111":6,"113":6,"132":1,"134":1,"135":1,"136":1,"137":1,"139":1,"156":0,"161":0,"163":0,"180":0,"185":0,"187":0,"207":2,"221":0,"235":1,"249":0,"250":0,"252":0,"253":0,"254":0,"258":0,"278":0,"286":1,"304":0,"305":0,"307":0,"308":0,"312":0,"313":0,"316":0,"317":0,"318":0,"319":0,"323":0,"327":0,"328":0,"329":0,"330":0,"333":0,"336":0},"path":"/Users/irvingsanchez/codecrypto/curso/codeEcommerce/contracts/Client.sol","s":{"1":10,"2":9,"3":3,"4":6,"5":6,"6":6,"7":6,"8":1,"9":1,"10":1,"11":0,"12":0,"13":0,"14":0,"15":2,"16":0,"17":1,"18":0,"19":0,"20":0,"21":0,"22":0,"23":0,"24":1,"25":0,"26":0,"27":0,"28":0,"29":0,"30":0,"31":0,"32":0,"33":0,"34":0,"35":0,"36":0,"37":0},"b":{"1":[10,0],"2":[9,0],"3":[3,0],"4":[6,0],"5":[6,0],"6":[6,0],"7":[6,0],"8":[6,0],"9":[1,0],"10":[1,0],"11":[1,0],"12":[1,0],"13":[0,0],"14":[0,0],"15":[0,0],"16":[0,0],"17":[0,0],"18":[0,0],"19":[0,0],"20":[0,0],"21":[0,0],"22":[0,0],"23":[2,0],"24":[2,0],"25":[2,0],"26":[0,0],"27":[1,0],"28":[0,0],"29":[0,0],"30":[0,0],"31":[0,0],"32":[0,0],"33":[0,0],"34":[0,0],"35":[0,0],"36":[0,0],"37":[0,0]},"f":{"1":14,"2":10,"3":9,"4":3,"5":6,"6":1,"7":0,"8":0,"9":2,"10":0,"11":1,"12":0,"13":0,"14":1,"15":0},"fnMap":{"1":{"name":"constructor","line":13,"loc":{"start":{"line":13,"column":4},"end":{"line":13,"column":39}}},"2":{"name":"onlyValidCompany","line":59,"loc":{"start":{"line":59,"column":4},"end":{"line":62,"column":4}}},"3":{"name":"onlyValidClient","line":64,"loc":{"start":{"line":64,"column":4},"end":{"line":67,"column":4}}},"4":{"name":"onlyRegisteredClient","line":69,"loc":{"start":{"line":69,"column":4},"end":{"line":75,"column":4}}},"5":{"name":"registerClient","line":91,"loc":{"start":{"line":83,"column":4},"end":{"line":114,"column":4}}},"6":{"name":"updatePurchases","line":130,"loc":{"start":{"line":122,"column":4},"end":{"line":140,"column":4}}},"7":{"name":"deactivateClient","line":154,"loc":{"start":{"line":147,"column":4},"end":{"line":164,"column":4}}},"8":{"name":"activateClient","line":178,"loc":{"start":{"line":171,"column":4},"end":{"line":188,"column":4}}},"9":{"name":"getClientData","line":204,"loc":{"start":{"line":196,"column":4},"end":{"line":208,"column":4}}},"10":{"name":"getCompanyClients","line":218,"loc":{"start":{"line":215,"column":4},"end":{"line":222,"column":4}}},"11":{"name":"getClientCount","line":232,"loc":{"start":{"line":229,"column":4},"end":{"line":236,"column":4}}},"12":{"name":"getTotalRevenueFromClients","line":246,"loc":{"start":{"line":243,"column":4},"end":{"line":259,"column":4}}},"13":{"name":"isClientActive","line":275,"loc":{"start":{"line":267,"column":4},"end":{"line":279,"column":4}}},"14":{"name":"getTotalClients","line":285,"loc":{"start":{"line":285,"column":4},"end":{"line":287,"column":4}}},"15":{"name":"getTopClients","line":301,"loc":{"start":{"line":295,"column":4},"end":{"line":337,"column":4}}}},"statementMap":{"1":{"start":{"line":60,"column":8},"end":{"line":60,"column":79}},"2":{"start":{"line":65,"column":8},"end":{"line":65,"column":77}},"3":{"start":{"line":70,"column":8},"end":{"line":70,"column":2269}},"4":{"start":{"line":93,"column":8},"end":{"line":93,"column":2864}},"5":{"start":{"line":98,"column":8},"end":{"line":98,"column":3032}},"6":{"start":{"line":109,"column":8},"end":{"line":109,"column":57}},"7":{"start":{"line":113,"column":8},"end":{"line":113,"column":77}},"8":{"start":{"line":132,"column":8},"end":{"line":132,"column":84}},"9":{"start":{"line":134,"column":8},"end":{"line":134,"column":78}},"10":{"start":{"line":139,"column":8},"end":{"line":139,"column":103}},"11":{"start":{"line":156,"column":8},"end":{"line":156,"column":5092}},"12":{"start":{"line":163,"column":8},"end":{"line":163,"column":61}},"13":{"start":{"line":180,"column":8},"end":{"line":180,"column":5831}},"14":{"start":{"line":187,"column":8},"end":{"line":187,"column":59}},"15":{"start":{"line":207,"column":8},"end":{"line":207,"column":53}},"16":{"start":{"line":221,"column":8},"end":{"line":221,"column":45}},"17":{"start":{"line":235,"column":8},"end":{"line":235,"column":52}},"18":{"start":{"line":249,"column":8},"end":{"line":249,"column":25}},"19":{"start":{"line":250,"column":8},"end":{"line":250,"column":73}},"20":{"start":{"line":252,"column":8},"end":{"line":252,"column":7966}},"21":{"start":{"line":253,"column":12},"end":{"line":253,"column":8037}},"22":{"start":{"line":258,"column":8},"end":{"line":258,"column":20}},"23":{"start":{"line":278,"column":8},"end":{"line":278,"column":62}},"24":{"start":{"line":286,"column":8},"end":{"line":286,"column":34}},"25":{"start":{"line":304,"column":8},"end":{"line":304,"column":68}},"26":{"start":{"line":305,"column":8},"end":{"line":305,"column":47}},"27":{"start":{"line":307,"column":8},"end":{"line":307,"column":9667}},"28":{"start":{"line":308,"column":12},"end":{"line":308,"column":35}},"29":{"start":{"line":312,"column":8},"end":{"line":312,"column":71}},"30":{"start":{"line":313,"column":8},"end":{"line":313,"column":64}},"31":{"start":{"line":316,"column":8},"end":{"line":316,"column":9994}},"32":{"start":{"line":317,"column":12},"end":{"line":317,"column":32}},"33":{"start":{"line":318,"column":12},"end":{"line":318,"column":10088}},"34":{"start":{"line":319,"column":16},"end":{"line":319,"column":10156}},"35":{"start":{"line":327,"column":12},"end":{"line":327,"column":10426}},"36":{"start":{"line":328,"column":16},"end":{"line":328,"column":44}},"37":{"start":{"line":336,"column":8},"end":{"line":336,"column":25}}},"branchMap":{"1":{"line":60,"type":"if","locations":[{"start":{"line":60,"column":8},"end":{"line":60,"column":8}},{"start":{"line":60,"column":8},"end":{"line":60,"column":8}}]},"2":{"line":65,"type":"if","locations":[{"start":{"line":65,"column":8},"end":{"line":65,"column":8}},{"start":{"line":65,"column":8},"end":{"line":65,"column":8}}]},"3":{"line":70,"type":"if","locations":[{"start":{"line":70,"column":8},"end":{"line":70,"column":8}},{"start":{"line":70,"column":8},"end":{"line":70,"column":8}}]},"4":{"line":88,"type":"if","locations":[{"start":{"line":88,"column":8},"end":{"line":88,"column":8}},{"start":{"line":88,"column":8},"end":{"line":88,"column":8}}]},"5":{"line":89,"type":"if","locations":[{"start":{"line":89,"column":8},"end":{"line":89,"column":8}},{"start":{"line":89,"column":8},"end":{"line":89,"column":8}}]},"6":{"line":90,"type":"if","locations":[{"start":{"line":90,"column":8},"end":{"line":90,"column":8}},{"start":{"line":90,"column":8},"end":{"line":90,"column":8}}]},"7":{"line":91,"type":"if","locations":[{"start":{"line":91,"column":8},"end":{"line":91,"column":8}},{"start":{"line":91,"column":8},"end":{"line":91,"column":8}}]},"8":{"line":93,"type":"if","locations":[{"start":{"line":93,"column":8},"end":{"line":93,"column":8}},{"start":{"line":93,"column":8},"end":{"line":93,"column":8}}]},"9":{"line":128,"type":"if","locations":[{"start":{"line":128,"column":8},"end":{"line":128,"column":8}},{"start":{"line":128,"column":8},"end":{"line":128,"column":8}}]},"10":{"line":129,"type":"if","locations":[{"start":{"line":129,"column":8},"end":{"line":129,"column":8}},{"start":{"line":129,"column":8},"end":{"line":129,"column":8}}]},"11":{"line":130,"type":"if","locations":[{"start":{"line":130,"column":8},"end":{"line":130,"column":8}},{"start":{"line":130,"column":8},"end":{"line":130,"column":8}}]},"12":{"line":132,"type":"if","locations":[{"start":{"line":132,"column":8},"end":{"line":132,"column":8}},{"start":{"line":132,"column":8},"end":{"line":132,"column":8}}]},"13":{"line":152,"type":"if","locations":[{"start":{"line":152,"column":8},"end":{"line":152,"column":8}},{"start":{"line":152,"column":8},"end":{"line":152,"column":8}}]},"14":{"line":153,"type":"if","locations":[{"start":{"line":153,"column":8},"end":{"line":153,"column":8}},{"start":{"line":153,"column":8},"end":{"line":153,"column":8}}]},"15":{"line":154,"type":"if","locations":[{"start":{"line":154,"column":8},"end":{"line":154,"column":8}},{"start":{"line":154,"column":8},"end":{"line":154,"column":8}}]},"16":{"line":156,"type":"if","locations":[{"start":{"line":156,"column":8},"end":{"line":156,"column":8}},{"start":{"line":156,"column":8},"end":{"line":156,"column":8}}]},"17":{"line":157,"type":"cond-expr","locations":[{"start":{"line":157,"column":12},"end":{"line":157,"column":39}},{"start":{"line":157,"column":44},"end":{"line":157,"column":64}}]},"18":{"line":176,"type":"if","locations":[{"start":{"line":176,"column":8},"end":{"line":176,"column":8}},{"start":{"line":176,"column":8},"end":{"line":176,"column":8}}]},"19":{"line":177,"type":"if","locations":[{"start":{"line":177,"column":8},"end":{"line":177,"column":8}},{"start":{"line":177,"column":8},"end":{"line":177,"column":8}}]},"20":{"line":178,"type":"if","locations":[{"start":{"line":178,"column":8},"end":{"line":178,"column":8}},{"start":{"line":178,"column":8},"end":{"line":178,"column":8}}]},"21":{"line":180,"type":"if","locations":[{"start":{"line":180,"column":8},"end":{"line":180,"column":8}},{"start":{"line":180,"column":8},"end":{"line":180,"column":8}}]},"22":{"line":181,"type":"cond-expr","locations":[{"start":{"line":181,"column":12},"end":{"line":181,"column":39}},{"start":{"line":181,"column":44},"end":{"line":181,"column":64}}]},"23":{"line":202,"type":"if","locations":[{"start":{"line":202,"column":8},"end":{"line":202,"column":8}},{"start":{"line":202,"column":8},"end":{"line":202,"column":8}}]},"24":{"line":203,"type":"if","locations":[{"start":{"line":203,"column":8},"end":{"line":203,"column":8}},{"start":{"line":203,"column":8},"end":{"line":203,"column":8}}]},"25":{"line":204,"type":"if","locations":[{"start":{"line":204,"column":8},"end":{"line":204,"column":8}},{"start":{"line":204,"column":8},"end":{"line":204,"column":8}}]},"26":{"line":218,"type":"if","locations":[{"start":{"line":218,"column":8},"end":{"line":218,"column":8}},{"start":{"line":218,"column":8},"end":{"line":218,"column":8}}]},"27":{"line":232,"type":"if","locations":[{"start":{"line":232,"column":8},"end":{"line":232,"column":8}},{"start":{"line":232,"column":8},"end":{"line":232,"column":8}}]},"28":{"line":246,"type":"if","locations":[{"start":{"line":246,"column":8},"end":{"line":246,"column":8}},{"start":{"line":246,"column":8},"end":{"line":246,"column":8}}]},"29":{"line":253,"type":"if","locations":[{"start":{"line":253,"column":12},"end":{"line":253,"column":12}},{"start":{"line":253,"column":12},"end":{"line":253,"column":12}}]},"30":{"line":273,"type":"if","locations":[{"start":{"line":273,"column":8},"end":{"line":273,"column":8}},{"start":{"line":273,"column":8},"end":{"line":273,"column":8}}]},"31":{"line":274,"type":"if","locations":[{"start":{"line":274,"column":8},"end":{"line":274,"column":8}},{"start":{"line":274,"column":8},"end":{"line":274,"column":8}}]},"32":{"line":275,"type":"if","locations":[{"start":{"line":275,"column":8},"end":{"line":275,"column":8}},{"start":{"line":275,"column":8},"end":{"line":275,"column":8}}]},"33":{"line":301,"type":"if","locations":[{"start":{"line":301,"column":8},"end":{"line":301,"column":8}},{"start":{"line":301,"column":8},"end":{"line":301,"column":8}}]},"34":{"line":307,"type":"if","locations":[{"start":{"line":307,"column":8},"end":{"line":307,"column":8}},{"start":{"line":307,"column":8},"end":{"line":307,"column":8}}]},"35":{"line":312,"type":"if","locations":[{"start":{"line":312,"column":52},"end":{"line":312,"column":62}},{"start":{"line":312,"column":66},"end":{"line":312,"column":70}}]},"36":{"line":319,"type":"if","locations":[{"start":{"line":319,"column":16},"end":{"line":319,"column":16}},{"start":{"line":319,"column":16},"end":{"line":319,"column":16}}]},"37":{"line":327,"type":"if","locations":[{"start":{"line":327,"column":12},"end":{"line":327,"column":12}},{"start":{"line":327,"column":12},"end":{"line":327,"column":12}}]}}},
"contracts/Company.sol":{"l":{"43":0,"44":0,"48":25,"49":25,"63":11,"64":11,"65":10,"67":10,"77":10,"78":10,"79":10,"81":10,"93":0,"97":0,"99":0,"101":0,"112":0,"117":0,"119":0,"130":0,"135":0,"137":0,"149":1,"151":1,"153":1,"164":6,"175":1,"189":1,"197":1,"205":0,"219":16},"path":"/Users/irvingsanchez/codecrypto/curso/codeEcommerce/contracts/Company.sol","s":{"1":0,"2":25,"3":11,"4":11,"5":10,"6":10,"7":10,"8":10,"9":0,"10":0,"11":0,"12":0,"13":0,"14":0,"15":0,"16":1,"17":1,"18":1,"19":1,"20":0,"21":16},"b":{"1":[0,0],"2":[25,0],"3":[11,0],"4":[11,0],"5":[11,0],"6":[10,1],"7":[10,0],"8":[0,0],"9":[0,0],"10":[0,0],"11":[0,0],"12":[0,0],"13":[0,0],"14":[0,0],"15":[0,0],"16":[0,0],"17":[0,0],"18":[1,0],"19":[1,0],"20":[6,0],"21":[1,0],"22":[1,0],"23":[16,0]},"f":{"1":14,"2":0,"3":25,"4":11,"5":0,"6":0,"7":0,"8":1,"9":6,"10":1,"11":1,"12":1,"13":0,"14":16},"fnMap":{"1":{"name":"constructor","line":13,"loc":{"start":{"line":13,"column":4},"end":{"line":13,"column":39}}},"2":{"name":"onlyRegisteredCompany","line":42,"loc":{"start":{"line":42,"column":4},"end":{"line":45,"column":4}}},"3":{"name":"onlyValidCompany","line":47,"loc":{"start":{"line":47,"column":4},"end":{"line":50,"column":4}}},"4":{"name":"registerCompany","line":61,"loc":{"start":{"line":58,"column":4},"end":{"line":82,"column":4}}},"5":{"name":"updateCompanyName","line":91,"loc":{"start":{"line":89,"column":4},"end":{"line":102,"column":4}}},"6":{"name":"deactivateCompany","line":110,"loc":{"start":{"line":108,"column":4},"end":{"line":120,"column":4}}},"7":{"name":"activateCompany","line":128,"loc":{"start":{"line":126,"column":4},"end":{"line":138,"column":4}}},"8":{"name":"updateRevenue","line":147,"loc":{"start":{"line":145,"column":4},"end":{"line":154,"column":4}}},"9":{"name":"incrementProductCount","line":162,"loc":{"start":{"line":160,"column":4},"end":{"line":165,"column":4}}},"10":{"name":"incrementInvoiceCount","line":173,"loc":{"start":{"line":171,"column":4},"end":{"line":176,"column":4}}},"11":{"name":"getCompanyData","line":186,"loc":{"start":{"line":183,"column":4},"end":{"line":190,"column":4}}},"12":{"name":"getTotalCompanies","line":196,"loc":{"start":{"line":196,"column":4},"end":{"line":198,"column":4}}},"13":{"name":"getAllCompaniesAddresses","line":204,"loc":{"start":{"line":204,"column":4},"end":{"line":206,"column":4}}},"14":{"name":"isCompanyActive","line":216,"loc":{"start":{"line":213,"column":4},"end":{"line":220,"column":4}}}},"statementMap":{"1":{"start":{"line":43,"column":8},"end":{"line":43,"column":99}},"2":{"start":{"line":48,"column":8},"end":{"line":48,"column":86}},"3":{"start":{"line":63,"column":8},"end":{"line":63,"column":72}},"4":{"start":{"line":64,"column":8},"end":{"line":64,"column":83}},"5":{"start":{"line":65,"column":8},"end":{"line":65,"column":71}},"6":{"start":{"line":67,"column":8},"end":{"line":67,"column":2299}},"7":{"start":{"line":78,"column":8},"end":{"line":78,"column":44}},"8":{"start":{"line":81,"column":8},"end":{"line":81,"column":69}},"9":{"start":{"line":93,"column":8},"end":{"line":93,"column":3171}},"10":{"start":{"line":97,"column":8},"end":{"line":97,"column":74}},"11":{"start":{"line":101,"column":8},"end":{"line":101,"column":52}},"12":{"start":{"line":112,"column":8},"end":{"line":112,"column":3784}},"13":{"start":{"line":119,"column":8},"end":{"line":119,"column":47}},"14":{"start":{"line":130,"column":8},"end":{"line":130,"column":4315}},"15":{"start":{"line":137,"column":8},"end":{"line":137,"column":45}},"16":{"start":{"line":149,"column":8},"end":{"line":149,"column":80}},"17":{"start":{"line":153,"column":8},"end":{"line":153,"column":83}},"18":{"start":{"line":189,"column":8},"end":{"line":189,"column":40}},"19":{"start":{"line":197,"column":8},"end":{"line":197,"column":38}},"20":{"start":{"line":205,"column":8},"end":{"line":205,"column":31}},"21":{"start":{"line":219,"column":8},"end":{"line":219,"column":49}}},"branchMap":{"1":{"line":43,"type":"if","locations":[{"start":{"line":43,"column":8},"end":{"line":43,"column":8}},{"start":{"line":43,"column":8},"end":{"line":43,"column":8}}]},"2":{"line":48,"type":"if","locations":[{"start":{"line":48,"column":8},"end":{"line":48,"column":8}},{"start":{"line":48,"column":8},"end":{"line":48,"column":8}}]},"3":{"line":60,"type":"if","locations":[{"start":{"line":60,"column":8},"end":{"line":60,"column":8}},{"start":{"line":60,"column":8},"end":{"line":60,"column":8}}]},"4":{"line":61,"type":"if","locations":[{"start":{"line":61,"column":8},"end":{"line":61,"column":8}},{"start":{"line":61,"column":8},"end":{"line":61,"column":8}}]},"5":{"line":63,"type":"if","locations":[{"start":{"line":63,"column":8},"end":{"line":63,"column":8}},{"start":{"line":63,"column":8},"end":{"line":63,"column":8}}]},"6":{"line":64,"type":"if","locations":[{"start":{"line":64,"column":8},"end":{"line":64,"column":8}},{"start":{"line":64,"column":8},"end":{"line":64,"column":8}}]},"7":{"line":65,"type":"if","locations":[{"start":{"line":65,"column":8},"end":{"line":65,"column":8}},{"start":{"line":65,"column":8},"end":{"line":65,"column":8}}]},"8":{"line":91,"type":"if","locations":[{"start":{"line":91,"column":8},"end":{"line":91,"column":8}},{"start":{"line":91,"column":8},"end":{"line":91,"column":8}}]},"9":{"line":93,"type":"if","locations":[{"start":{"line":93,"column":8},"end":{"line":93,"column":8}},{"start":{"line":93,"column":8},"end":{"line":93,"column":8}}]},"10":{"line":94,"type":"cond-expr","locations":[{"start":{"line":94,"column":12},"end":{"line":94,"column":39}},{"start":{"line":94,"column":44},"end":{"line":94,"column":64}}]},"11":{"line":97,"type":"if","locations":[{"start":{"line":97,"column":8},"end":{"line":97,"column":8}},{"start":{"line":97,"column":8},"end":{"line":97,"column":8}}]},"12":{"line":110,"type":"if","locations":[{"start":{"line":110,"column":8},"end":{"line":110,"column":8}},{"start":{"line":110,"column":8},"end":{"line":110,"column":8}}]},"13":{"line":112,"type":"if","locations":[{"start":{"line":112,"column":8},"end":{"line":112,"column":8}},{"start":{"line":112,"column":8},"end":{"line":112,"column":8}}]},"14":{"line":113,"type":"cond-expr","locations":[{"start":{"line":113,"column":12},"end":{"line":113,"column":39}},{"start":{"line":113,"column":44},"end":{"line":113,"column":64}}]},"15":{"line":128,"type":"if","locations":[{"start":{"line":128,"column":8},"end":{"line":128,"column":8}},{"start":{"line":128,"column":8},"end":{"line":128,"column":8}}]},"16":{"line":130,"type":"if","locations":[{"start":{"line":130,"column":8},"end":{"line":130,"column":8}},{"start":{"line":130,"column":8},"end":{"line":130,"column":8}}]},"17":{"line":131,"type":"cond-expr","locations":[{"start":{"line":131,"column":12},"end":{"line":131,"column":39}},{"start":{"line":131,"column":44},"end":{"line":131,"column":64}}]},"18":{"line":147,"type":"if","locations":[{"start":{"line":147,"column":8},"end":{"line":147,"column":8}},{"start":{"line":147,"column":8},"end":{"line":147,"column":8}}]},"19":{"line":149,"type":"if","locations":[{"start":{"line":149,"column":8},"end":{"line":149,"column":8}},{"start":{"line":149,"column":8},"end":{"line":149,"column":8}}]},"20":{"line":162,"type":"if","locations":[{"start":{"line":162,"column":8},"end":{"line":162,"column":8}},{"start":{"line":162,"column":8},"end":{"line":162,"column":8}}]},"21":{"line":173,"type":"if","locations":[{"start":{"line":173,"column":8},"end":{"line":173,"column":8}},{"start":{"line":173,"column":8},"end":{"line":173,"column":8}}]},"22":{"line":186,"type":"if","locations":[{"start":{"line":186,"column":8},"end":{"line":186,"column":8}},{"start":{"line":186,"column":8},"end":{"line":186,"column":8}}]},"23":{"line":216,"type":"if","locations":[{"start":{"line":216,"column":8},"end":{"line":216,"column":8}},{"start":{"line":216,"column":8},"end":{"line":216,"column":8}}]}}},
"contracts/Ecommerce.sol":{"l":{"55":28,"56":28,"60":9,"61":9,"65":17,"69":17,"73":16,"77":16,"88":14,"89":14,"90":14,"91":14,"92":14,"93":14,"95":14,"96":14,"97":14,"98":14,"99":14,"100":14,"116":11,"117":10,"142":7,"147":6,"156":6,"158":6,"159":6,"177":6,"182":6,"183":6,"209":3,"213":3,"216":3,"222":3,"223":3,"225":3,"226":3,"229":3,"235":3,"241":2,"242":2,"245":2,"254":2,"257":2,"263":1,"264":1,"267":1,"273":1,"274":1,"281":1,"282":1,"286":1,"293":1,"296":1,"299":1,"302":1,"304":1,"305":1,"313":0,"315":0,"316":0,"324":0,"326":0,"327":0,"328":0,"337":0,"339":0,"340":0,"342":0,"344":0,"346":0,"348":0,"350":0,"353":0,"373":1,"374":1,"375":1,"376":1,"378":1,"401":1,"402":1,"403":1,"404":1,"406":1,"413":0,"420":0},"path":"/Users/irvingsanchez/codecrypto/curso/codeEcommerce/contracts/Ecommerce.sol","s":{"1":28,"2":9,"3":17,"4":16,"5":14,"6":14,"7":14,"8":14,"9":14,"10":14,"11":11,"12":10,"13":7,"14":6,"15":6,"16":6,"17":6,"18":6,"19":6,"20":3,"21":3,"22":3,"23":3,"24":3,"25":3,"26":3,"27":3,"28":3,"29":2,"30":2,"31":2,"32":1,"33":1,"34":1,"35":1,"36":1,"37":1,"38":1,"39":1,"40":1,"41":1,"42":1,"43":1,"44":1,"45":0,"46":0,"47":0,"48":0,"49":0,"50":0,"51":0,"52":0,"53":0,"54":0,"55":0,"56":0,"57":0,"58":1,"59":1,"60":0,"61":0},"b":{"1":[28,0],"2":[9,0],"3":[17,0],"4":[16,0],"5":[14,0],"6":[14,0],"7":[14,0],"8":[14,0],"9":[14,0],"10":[14,0],"11":[11,0],"12":[11,0],"13":[7,0],"14":[7,0],"15":[7,0],"16":[6,1],"17":[0,6],"18":[6,0],"19":[6,0],"20":[6,0],"21":[6,0],"22":[6,0],"23":[0,6],"24":[3,0],"25":[3,0],"26":[3,0],"27":[3,0],"28":[3,0],"29":[3,0],"30":[3,0],"31":[3,0],"32":[3,0],"33":[3,0],"34":[2,1],"35":[2,0],"36":[1,1],"37":[1,0],"38":[1,0],"39":[1,0],"40":[0,0],"41":[0,0],"42":[0,0],"43":[0,0],"44":[0,0],"45":[0,0],"46":[0,0],"47":[0,0],"48":[0,0],"49":[0,0],"50":[0,0],"51":[1,0],"52":[1,0],"53":[0,0],"54":[0,0]},"f":{"1":28,"2":9,"3":17,"4":16,"5":14,"6":11,"7":7,"8":6,"9":3,"10":0,"11":0,"12":0,"13":1,"14":1,"15":0,"16":0},"fnMap":{"1":{"name":"onlyValidCompany","line":54,"loc":{"start":{"line":54,"column":4},"end":{"line":57,"column":4}}},"2":{"name":"onlyValidClient","line":59,"loc":{"start":{"line":59,"column":4},"end":{"line":62,"column":4}}},"3":{"name":"onlyRegisteredCompany","line":64,"loc":{"start":{"line":64,"column":4},"end":{"line":70,"column":4}}},"4":{"name":"onlyActiveCompany","line":72,"loc":{"start":{"line":72,"column":4},"end":{"line":78,"column":4}}},"5":{"name":"constructor","line":87,"loc":{"start":{"line":80,"column":4},"end":{"line":101,"column":4}}},"6":{"name":"registerCompany","line":114,"loc":{"start":{"line":108,"column":4},"end":{"line":118,"column":4}}},"7":{"name":"createProduct","line":139,"loc":{"start":{"line":129,"column":4},"end":{"line":160,"column":4}}},"8":{"name":"registerClient","line":175,"loc":{"start":{"line":167,"column":4},"end":{"line":184,"column":4}}},"9":{"name":"processPurchase","line":206,"loc":{"start":{"line":194,"column":4},"end":{"line":306,"column":4}}},"10":{"name":"updatePlatformFee","line":312,"loc":{"start":{"line":312,"column":4},"end":{"line":317,"column":4}}},"11":{"name":"updateTreasury","line":323,"loc":{"start":{"line":323,"column":4},"end":{"line":329,"column":4}}},"12":{"name":"updateContract","line":336,"loc":{"start":{"line":336,"column":4},"end":{"line":354,"column":4}}},"13":{"name":"getPlatformStats","line":363,"loc":{"start":{"line":363,"column":4},"end":{"line":379,"column":4}}},"14":{"name":"getCompanyStats","line":393,"loc":{"start":{"line":389,"column":4},"end":{"line":407,"column":4}}},"15":{"name":"pause","line":412,"loc":{"start":{"line":412,"column":4},"end":{"line":414,"column":4}}},"16":{"name":"unpause","line":419,"loc":{"start":{"line":419,"column":4},"end":{"line":421,"column":4}}}},"statementMap":{"1":{"start":{"line":55,"column":8},"end":{"line":55,"column":83}},"2":{"start":{"line":60,"column":8},"end":{"line":60,"column":81}},"3":{"start":{"line":65,"column":8},"end":{"line":65,"column":2210}},"4":{"start":{"line":73,"column":8},"end":{"line":73,"column":2431}},"5":{"start":{"line":88,"column":8},"end":{"line":88,"column":80}},"6":{"start":{"line":89,"column":8},"end":{"line":89,"column":94}},"7":{"start":{"line":90,"column":8},"end":{"line":90,"column":94}},"8":{"start":{"line":91,"column":8},"end":{"line":91,"column":94}},"9":{"start":{"line":92,"column":8},"end":{"line":92,"column":92}},"10":{"start":{"line":93,"column":8},"end":{"line":93,"column":79}},"11":{"start":{"line":116,"column":8},"end":{"line":116,"column":60}},"12":{"start":{"line":117,"column":8},"end":{"line":117,"column":52}},"13":{"start":{"line":142,"column":8},"end":{"line":142,"column":4804}},"14":{"start":{"line":156,"column":8},"end":{"line":156,"column":60}},"15":{"start":{"line":158,"column":8},"end":{"line":158,"column":67}},"16":{"start":{"line":159,"column":8},"end":{"line":159,"column":24}},"17":{"start":{"line":177,"column":8},"end":{"line":177,"column":5839}},"18":{"start":{"line":182,"column":8},"end":{"line":182,"column":67}},"19":{"start":{"line":183,"column":8},"end":{"line":183,"column":60}},"20":{"start":{"line":209,"column":8},"end":{"line":209,"column":6988}},"21":{"start":{"line":213,"column":8},"end":{"line":213,"column":87}},"22":{"start":{"line":216,"column":8},"end":{"line":216,"column":7294}},"23":{"start":{"line":222,"column":8},"end":{"line":222,"column":89}},"24":{"start":{"line":223,"column":8},"end":{"line":223,"column":31}},"25":{"start":{"line":225,"column":8},"end":{"line":225,"column":7659}},"26":{"start":{"line":226,"column":12},"end":{"line":226,"column":84}},"27":{"start":{"line":229,"column":12},"end":{"line":229,"column":7858}},"28":{"start":{"line":235,"column":12},"end":{"line":235,"column":8073}},"29":{"start":{"line":241,"column":12},"end":{"line":241,"column":61}},"30":{"start":{"line":254,"column":8},"end":{"line":254,"column":82}},"31":{"start":{"line":257,"column":8},"end":{"line":257,"column":8900}},"32":{"start":{"line":263,"column":8},"end":{"line":263,"column":68}},"33":{"start":{"line":264,"column":8},"end":{"line":264,"column":53}},"34":{"start":{"line":267,"column":8},"end":{"line":267,"column":9274}},"35":{"start":{"line":273,"column":8},"end":{"line":273,"column":9492}},"36":{"start":{"line":274,"column":12},"end":{"line":274,"column":9531}},"37":{"start":{"line":281,"column":8},"end":{"line":281,"column":9762}},"38":{"start":{"line":282,"column":12},"end":{"line":282,"column":84}},"39":{"start":{"line":293,"column":8},"end":{"line":293,"column":77}},"40":{"start":{"line":296,"column":8},"end":{"line":296,"column":81}},"41":{"start":{"line":299,"column":8},"end":{"line":299,"column":63}},"42":{"start":{"line":302,"column":8},"end":{"line":302,"column":60}},"43":{"start":{"line":304,"column":8},"end":{"line":304,"column":102}},"44":{"start":{"line":305,"column":8},"end":{"line":305,"column":28}},"45":{"start":{"line":313,"column":8},"end":{"line":313,"column":80}},"46":{"start":{"line":316,"column":8},"end":{"line":316,"column":42}},"47":{"start":{"line":324,"column":8},"end":{"line":324,"column":81}},"48":{"start":{"line":326,"column":8},"end":{"line":326,"column":38}},"49":{"start":{"line":328,"column":8},"end":{"line":328,"column":54}},"50":{"start":{"line":337,"column":8},"end":{"line":337,"column":80}},"51":{"start":{"line":339,"column":8},"end":{"line":339,"column":11830}},"52":{"start":{"line":341,"column":15},"end":{"line":341,"column":11960}},"53":{"start":{"line":343,"column":15},"end":{"line":343,"column":12095}},"54":{"start":{"line":345,"column":15},"end":{"line":345,"column":12230}},"55":{"start":{"line":347,"column":15},"end":{"line":347,"column":12365}},"56":{"start":{"line":350,"column":12},"end":{"line":350,"column":54}},"57":{"start":{"line":353,"column":8},"end":{"line":353,"column":54}},"58":{"start":{"line":378,"column":8},"end":{"line":378,"column":75}},"59":{"start":{"line":406,"column":8},"end":{"line":406,"column":70}},"60":{"start":{"line":413,"column":8},"end":{"line":413,"column":15}},"61":{"start":{"line":420,"column":8},"end":{"line":420,"column":17}}},"branchMap":{"1":{"line":55,"type":"if","locations":[{"start":{"line":55,"column":8},"end":{"line":55,"column":8}},{"start":{"line":55,"column":8},"end":{"line":55,"column":8}}]},"2":{"line":60,"type":"if","locations":[{"start":{"line":60,"column":8},"end":{"line":60,"column":8}},{"start":{"line":60,"column":8},"end":{"line":60,"column":8}}]},"3":{"line":65,"type":"if","locations":[{"start":{"line":65,"column":8},"end":{"line":65,"column":8}},{"start":{"line":65,"column":8},"end":{"line":65,"column":8}}]},"4":{"line":73,"type":"if","locations":[{"start":{"line":73,"column":8},"end":{"line":73,"column":8}},{"start":{"line":73,"column":8},"end":{"line":73,"column":8}}]},"5":{"line":88,"type":"if","locations":[{"start":{"line":88,"column":8},"end":{"line":88,"column":8}},{"start":{"line":88,"column":8},"end":{"line":88,"column":8}}]},"6":{"line":89,"type":"if","locations":[{"start":{"line":89,"column":8},"end":{"line":89,"column":8}},{"start":{"line":89,"column":8},"end":{"line":89,"column":8}}]},"7":{"line":90,"type":"if","locations":[{"start":{"line":90,"column":8},"end":{"line":90,"column":8}},{"start":{"line":90,"column":8},"end":{"line":90,"column":8}}]},"8":{"line":91,"type":"if","locations":[{"start":{"line":91,"column":8},"end":{"line":91,"column":8}},{"start":{"line":91,"column":8},"end":{"line":91,"column":8}}]},"9":{"line":92,"type":"if","locations":[{"start":{"line":92,"column":8},"end":{"line":92,"column":8}},{"start":{"line":92,"column":8},"end":{"line":92,"column":8}}]},"10":{"line":93,"type":"if","locations":[{"start":{"line":93,"column":8},"end":{"line":93,"column":8}},{"start":{"line":93,"column":8},"end":{"line":93,"column":8}}]},"11":{"line":113,"type":"if","locations":[{"start":{"line":113,"column":8},"end":{"line":113,"column":8}},{"start":{"line":113,"column":8},"end":{"line":113,"column":8}}]},"12":{"line":114,"type":"if","locations":[{"start":{"line":114,"column":8},"end":{"line":114,"column":8}},{"start":{"line":114,"column":8},"end":{"line":114,"column":8}}]},"13":{"line":137,"type":"if","locations":[{"start":{"line":137,"column":8},"end":{"line":137,"column":8}},{"start":{"line":137,"column":8},"end":{"line":137,"column":8}}]},"14":{"line":138,"type":"if","locations":[{"start":{"line":138,"column":8},"end":{"line":138,"column":8}},{"start":{"line":138,"column":8},"end":{"line":138,"column":8}}]},"15":{"line":139,"type":"if","locations":[{"start":{"line":139,"column":8},"end":{"line":139,"column":8}},{"start":{"line":139,"column":8},"end":{"line":139,"column":8}}]},"16":{"line":142,"type":"if","locations":[{"start":{"line":142,"column":8},"end":{"line":142,"column":8}},{"start":{"line":142,"column":8},"end":{"line":142,"column":8}}]},"17":{"line":143,"type":"cond-expr","locations":[{"start":{"line":143,"column":12},"end":{"line":143,"column":39}},{"start":{"line":143,"column":44},"end":{"line":143,"column":64}}]},"18":{"line":172,"type":"if","locations":[{"start":{"line":172,"column":8},"end":{"line":172,"column":8}},{"start":{"line":172,"column":8},"end":{"line":172,"column":8}}]},"19":{"line":173,"type":"if","locations":[{"start":{"line":173,"column":8},"end":{"line":173,"column":8}},{"start":{"line":173,"column":8},"end":{"line":173,"column":8}}]},"20":{"line":174,"type":"if","locations":[{"start":{"line":174,"column":8},"end":{"line":174,"column":8}},{"start":{"line":174,"column":8},"end":{"line":174,"column":8}}]},"21":{"line":175,"type":"if","locations":[{"start":{"line":175,"column":8},"end":{"line":175,"column":8}},{"start":{"line":175,"column":8},"end":{"line":175,"column":8}}]},"22":{"line":177,"type":"if","locations":[{"start":{"line":177,"column":8},"end":{"line":177,"column":8}},{"start":{"line":177,"column":8},"end":{"line":177,"column":8}}]},"23":{"line":178,"type":"cond-expr","locations":[{"start":{"line":178,"column":12},"end":{"line":178,"column":39}},{"start":{"line":178,"column":44},"end":{"line":178,"column":64}}]},"24":{"line":201,"type":"if","locations":[{"start":{"line":201,"column":8},"end":{"line":201,"column":8}},{"start":{"line":201,"column":8},"end":{"line":201,"column":8}}]},"25":{"line":202,"type":"if","locations":[{"start":{"line":202,"column":8},"end":{"line":202,"column":8}},{"start":{"line":202,"column":8},"end":{"line":202,"column":8}}]},"26":{"line":203,"type":"if","locations":[{"start":{"line":203,"column":8},"end":{"line":203,"column":8}},{"start":{"line":203,"column":8},"end":{"line":203,"column":8}}]},"27":{"line":204,"type":"if","locations":[{"start":{"line":204,"column":8},"end":{"line":204,"column":8}},{"start":{"line":204,"column":8},"end":{"line":204,"column":8}}]},"28":{"line":205,"type":"if","locations":[{"start":{"line":205,"column":8},"end":{"line":205,"column":8}},{"start":{"line":205,"column":8},"end":{"line":205,"column":8}}]},"29":{"line":206,"type":"if","locations":[{"start":{"line":206,"column":8},"end":{"line":206,"column":8}},{"start":{"line":206,"column":8},"end":{"line":206,"column":8}}]},"30":{"line":209,"type":"if","locations":[{"start":{"line":209,"column":8},"end":{"line":209,"column":8}},{"start":{"line":209,"column":8},"end":{"line":209,"column":8}}]},"31":{"line":213,"type":"if","locations":[{"start":{"line":213,"column":8},"end":{"line":213,"column":8}},{"start":{"line":213,"column":8},"end":{"line":213,"column":8}}]},"32":{"line":216,"type":"if","locations":[{"start":{"line":216,"column":8},"end":{"line":216,"column":8}},{"start":{"line":216,"column":8},"end":{"line":216,"column":8}}]},"33":{"line":226,"type":"if","locations":[{"start":{"line":226,"column":12},"end":{"line":226,"column":12}},{"start":{"line":226,"column":12},"end":{"line":226,"column":12}}]},"34":{"line":235,"type":"if","locations":[{"start":{"line":235,"column":12},"end":{"line":235,"column":12}},{"start":{"line":235,"column":12},"end":{"line":235,"column":12}}]},"35":{"line":254,"type":"if","locations":[{"start":{"line":254,"column":8},"end":{"line":254,"column":8}},{"start":{"line":254,"column":8},"end":{"line":254,"column":8}}]},"36":{"line":257,"type":"if","locations":[{"start":{"line":257,"column":8},"end":{"line":257,"column":8}},{"start":{"line":257,"column":8},"end":{"line":257,"column":8}}]},"37":{"line":267,"type":"if","locations":[{"start":{"line":267,"column":8},"end":{"line":267,"column":8}},{"start":{"line":267,"column":8},"end":{"line":267,"column":8}}]},"38":{"line":273,"type":"if","locations":[{"start":{"line":273,"column":8},"end":{"line":273,"column":8}},{"start":{"line":273,"column":8},"end":{"line":273,"column":8}}]},"39":{"line":274,"type":"if","locations":[{"start":{"line":274,"column":12},"end":{"line":274,"column":12}},{"start":{"line":274,"column":12},"end":{"line":274,"column":12}}]},"40":{"line":312,"type":"if","locations":[{"start":{"line":312,"column":59},"end":{"line":312,"column":59}},{"start":{"line":312,"column":59},"end":{"line":312,"column":59}}]},"41":{"line":313,"type":"if","locations":[{"start":{"line":313,"column":8},"end":{"line":313,"column":8}},{"start":{"line":313,"column":8},"end":{"line":313,"column":8}}]},"42":{"line":323,"type":"if","locations":[{"start":{"line":323,"column":58},"end":{"line":323,"column":58}},{"start":{"line":323,"column":58},"end":{"line":323,"column":58}}]},"43":{"line":324,"type":"if","locations":[{"start":{"line":324,"column":8},"end":{"line":324,"column":8}},{"start":{"line":324,"column":8},"end":{"line":324,"column":8}}]},"44":{"line":336,"type":"if","locations":[{"start":{"line":336,"column":85},"end":{"line":336,"column":85}},{"start":{"line":336,"column":85},"end":{"line":336,"column":85}}]},"45":{"line":337,"type":"if","locations":[{"start":{"line":337,"column":8},"end":{"line":337,"column":8}},{"start":{"line":337,"column":8},"end":{"line":337,"column":8}}]},"46":{"line":339,"type":"if","locations":[{"start":{"line":339,"column":8},"end":{"line":339,"column":8}},{"start":{"line":339,"column":8},"end":{"line":339,"column":8}}]},"47":{"line":341,"type":"if","locations":[{"start":{"line":341,"column":15},"end":{"line":341,"column":15}},{"start":{"line":341,"column":15},"end":{"line":341,"column":15}}]},"48":{"line":343,"type":"if","locations":[{"start":{"line":343,"column":15},"end":{"line":343,"column":15}},{"start":{"line":343,"column":15},"end":{"line":343,"column":15}}]},"49":{"line":345,"type":"if","locations":[{"start":{"line":345,"column":15},"end":{"line":345,"column":15}},{"start":{"line":345,"column":15},"end":{"line":345,"column":15}}]},"50":{"line":347,"type":"if","locations":[{"start":{"line":347,"column":15},"end":{"line":347,"column":15}},{"start":{"line":347,"column":15},"end":{"line":347,"column":15}}]},"51":{"line":392,"type":"if","locations":[{"start":{"line":392,"column":8},"end":{"line":392,"column":8}},{"start":{"line":392,"column":8},"end":{"line":392,"column":8}}]},"52":{"line":393,"type":"if","locations":[{"start":{"line":393,"column":8},"end":{"line":393,"column":8}},{"start":{"line":393,"column":8},"end":{"line":393,"column":8}}]},"53":{"line":412,"type":"if","locations":[{"start":{"line":412,"column":30},"end":{"line":412,"column":30}},{"start":{"line":412,"column":30},"end":{"line":412,"column":30}}]},"54":{"line":419,"type":"if","locations":[{"start":{"line":419,"column":32},"end":{"line":419,"column":32}},{"start":{"line":419,"column":32},"end":{"line":419,"column":32}}]}}},
"contracts/interfaces/IAuthorizedContract.sol":{"l":{},"path":"/Users/irvingsanchez/codecrypto/curso/codeEcommerce/contracts/interfaces/IAuthorizedContract.sol","s":{},"b":{},"f":{},"fnMap":{},"statementMap":{},"branchMap":{}},
"contracts/Invoice.sol":{"l":{"83":4,"84":4,"88":1,"89":1,"93":1,"94":1,"98":1,"102":1,"106":1,"129":1,"132":1,"135":1,"136":1,"137":1,"138":1,"139":1,"143":1,"146":1,"149":1,"150":1,"151":1,"152":1,"153":1,"154":1,"155":1,"156":1,"157":1,"158":1,"161":1,"162":1,"163":1,"174":1,"175":1,"176":1,"178":1,"179":1,"198":1,"200":1,"201":1,"202":1,"203":1,"205":1,"222":0,"223":0,"225":0,"244":0,"263":0,"277":0,"291":0,"305":1,"319":1,"320":1,"322":1,"323":0,"324":0,"328":1,"347":0,"355":1},"path":"/Users/irvingsanchez/codecrypto/curso/codeEcommerce/contracts/Invoice.sol","s":{"1":4,"2":1,"3":1,"4":1,"5":1,"6":1,"7":1,"8":1,"9":1,"10":1,"11":1,"12":1,"13":1,"14":1,"15":1,"16":1,"17":1,"18":1,"19":1,"20":1,"21":1,"22":1,"23":1,"24":0,"25":0,"26":0,"27":0,"28":0,"29":0,"30":1,"31":1,"32":1,"33":1,"34":0,"35":1,"36":0,"37":1},"b":{"1":[4,0],"2":[1,0],"3":[1,0],"4":[1,0],"5":[1,0],"6":[1,0],"7":[1,0],"8":[1,0],"9":[1,0],"10":[1,0],"11":[1,0],"12":[1,0],"13":[1,0],"14":[1,0],"15":[1,0],"16":[1,0],"17":[1,0],"18":[1,0],"19":[0,0],"20":[0,0],"21":[0,0],"22":[0,0],"23":[0,0],"24":[0,0],"25":[0,0],"26":[0,0],"27":[0,0],"28":[1,0],"29":[1,0],"30":[0,0],"31":[0,0],"32":[0,0]},"f":{"1":14,"2":4,"3":1,"4":1,"5":1,"6":1,"7":1,"8":0,"9":0,"10":0,"11":0,"12":0,"13":1,"14":1,"15":0,"16":1},"fnMap":{"1":{"name":"constructor","line":13,"loc":{"start":{"line":13,"column":4},"end":{"line":13,"column":39}}},"2":{"name":"onlyValidCompany","line":82,"loc":{"start":{"line":82,"column":4},"end":{"line":85,"column":4}}},"3":{"name":"onlyValidClient","line":87,"loc":{"start":{"line":87,"column":4},"end":{"line":90,"column":4}}},"4":{"name":"onlyExistingInvoice","line":92,"loc":{"start":{"line":92,"column":4},"end":{"line":95,"column":4}}},"5":{"name":"onlyUnpaidInvoice","line":97,"loc":{"start":{"line":97,"column":4},"end":{"line":107,"column":4}}},"6":{"name":"createInvoice","line":126,"loc":{"start":{"line":117,"column":4},"end":{"line":180,"column":4}}},"7":{"name":"markAsPaid","line":196,"loc":{"start":{"line":188,"column":4},"end":{"line":206,"column":4}}},"8":{"name":"cancelInvoice","line":220,"loc":{"start":{"line":213,"column":4},"end":{"line":226,"column":4}}},"9":{"name":"getInvoiceData","line":241,"loc":{"start":{"line":234,"column":4},"end":{"line":245,"column":4}}},"10":{"name":"getInvoiceItems","line":260,"loc":{"start":{"line":253,"column":4},"end":{"line":264,"column":4}}},"11":{"name":"getCompanyInvoices","line":274,"loc":{"start":{"line":271,"column":4},"end":{"line":278,"column":4}}},"12":{"name":"getClientInvoices","line":288,"loc":{"start":{"line":285,"column":4},"end":{"line":292,"column":4}}},"13":{"name":"getInvoiceCount","line":302,"loc":{"start":{"line":299,"column":4},"end":{"line":306,"column":4}}},"14":{"name":"getTotalRevenue","line":316,"loc":{"start":{"line":313,"column":4},"end":{"line":329,"column":4}}},"15":{"name":"isInvoicePaid","line":344,"loc":{"start":{"line":337,"column":4},"end":{"line":348,"column":4}}},"16":{"name":"getTotalInvoices","line":354,"loc":{"start":{"line":354,"column":4},"end":{"line":356,"column":4}}}},"statementMap":{"1":{"start":{"line":83,"column":8},"end":{"line":83,"column":80}},"2":{"start":{"line":88,"column":8},"end":{"line":88,"column":78}},"3":{"start":{"line":93,"column":8},"end":{"line":93,"column":88}},"4":{"start":{"line":98,"column":8},"end":{"line":98,"column":3058}},"5":{"start":{"line":102,"column":8},"end":{"line":102,"column":3187}},"6":{"start":{"line":129,"column":8},"end":{"line":129,"column":80}},"7":{"start":{"line":135,"column":8},"end":{"line":135,"column":31}},"8":{"start":{"line":136,"column":8},"end":{"line":136,"column":4185}},"9":{"start":{"line":137,"column":12},"end":{"line":137,"column":90}},"10":{"start":{"line":138,"column":12},"end":{"line":138,"column":93}},"11":{"start":{"line":139,"column":12},"end":{"line":139,"column":4435}},"12":{"start":{"line":146,"column":8},"end":{"line":146,"column":79}},"13":{"start":{"line":149,"column":8},"end":{"line":149,"column":80}},"14":{"start":{"line":161,"column":8},"end":{"line":161,"column":5307}},"15":{"start":{"line":162,"column":12},"end":{"line":162,"column":42}},"16":{"start":{"line":163,"column":12},"end":{"line":163,"column":5414}},"17":{"start":{"line":174,"column":8},"end":{"line":174,"column":58}},"18":{"start":{"line":175,"column":8},"end":{"line":175,"column":56}},"19":{"start":{"line":178,"column":8},"end":{"line":178,"column":103}},"20":{"start":{"line":179,"column":8},"end":{"line":179,"column":28}},"21":{"start":{"line":198,"column":8},"end":{"line":198,"column":90}},"22":{"start":{"line":200,"column":8},"end":{"line":200,"column":70}},"23":{"start":{"line":205,"column":8},"end":{"line":205,"column":109}},"24":{"start":{"line":222,"column":8},"end":{"line":222,"column":70}},"25":{"start":{"line":225,"column":8},"end":{"line":225,"column":76}},"26":{"start":{"line":244,"column":8},"end":{"line":244,"column":47}},"27":{"start":{"line":263,"column":8},"end":{"line":263,"column":53}},"28":{"start":{"line":277,"column":8},"end":{"line":277,"column":46}},"29":{"start":{"line":291,"column":8},"end":{"line":291,"column":44}},"30":{"start":{"line":305,"column":8},"end":{"line":305,"column":53}},"31":{"start":{"line":319,"column":8},"end":{"line":319,"column":25}},"32":{"start":{"line":320,"column":8},"end":{"line":320,"column":73}},"33":{"start":{"line":322,"column":8},"end":{"line":322,"column":10161}},"34":{"start":{"line":323,"column":12},"end":{"line":323,"column":10231}},"35":{"start":{"line":328,"column":8},"end":{"line":328,"column":20}},"36":{"start":{"line":347,"column":8},"end":{"line":347,"column":54}},"37":{"start":{"line":355,"column":8},"end":{"line":355,"column":35}}},"branchMap":{"1":{"line":83,"type":"if","locations":[{"start":{"line":83,"column":8},"end":{"line":83,"column":8}},{"start":{"line":83,"column":8},"end":{"line":83,"column":8}}]},"2":{"line":88,"type":"if","locations":[{"start":{"line":88,"column":8},"end":{"line":88,"column":8}},{"start":{"line":88,"column":8},"end":{"line":88,"column":8}}]},"3":{"line":93,"type":"if","locations":[{"start":{"line":93,"column":8},"end":{"line":93,"column":8}},{"start":{"line":93,"column":8},"end":{"line":93,"column":8}}]},"4":{"line":98,"type":"if","locations":[{"start":{"line":98,"column":8},"end":{"line":98,"column":8}},{"start":{"line":98,"column":8},"end":{"line":98,"column":8}}]},"5":{"line":102,"type":"if","locations":[{"start":{"line":102,"column":8},"end":{"line":102,"column":8}},{"start":{"line":102,"column":8},"end":{"line":102,"column":8}}]},"6":{"line":123,"type":"if","locations":[{"start":{"line":123,"column":8},"end":{"line":123,"column":8}},{"start":{"line":123,"column":8},"end":{"line":123,"column":8}}]},"7":{"line":124,"type":"if","locations":[{"start":{"line":124,"column":8},"end":{"line":124,"column":8}},{"start":{"line":124,"column":8},"end":{"line":124,"column":8}}]},"8":{"line":125,"type":"if","locations":[{"start":{"line":125,"column":8},"end":{"line":125,"column":8}},{"start":{"line":125,"column":8},"end":{"line":125,"column":8}}]},"9":{"line":126,"type":"if","locations":[{"start":{"line":126,"column":8},"end":{"line":126,"column":8}},{"start":{"line":126,"column":8},"end":{"line":126,"column":8}}]},"10":{"line":129,"type":"if","locations":[{"start":{"line":129,"column":8},"end":{"line":129,"column":8}},{"start":{"line":129,"column":8},"end":{"line":129,"column":8}}]},"11":{"line":137,"type":"if","locations":[{"start":{"line":137,"column":12},"end":{"line":137,"column":12}},{"start":{"line":137,"column":12},"end":{"line":137,"column":12}}]},"12":{"line":138,"type":"if","locations":[{"start":{"line":138,"column":12},"end":{"line":138,"column":12}},{"start":{"line":138,"column":12},"end":{"line":138,"column":12}}]},"13":{"line":139,"type":"if","locations":[{"start":{"line":139,"column":12},"end":{"line":139,"column":12}},{"start":{"line":139,"column":12},"end":{"line":139,"column":12}}]},"14":{"line":146,"type":"if","locations":[{"start":{"line":146,"column":8},"end":{"line":146,"column":8}},{"start":{"line":146,"column":8},"end":{"line":146,"column":8}}]},"15":{"line":194,"type":"if","locations":[{"start":{"line":194,"column":8},"end":{"line":194,"column":8}},{"start":{"line":194,"column":8},"end":{"line":194,"column":8}}]},"16":{"line":195,"type":"if","locations":[{"start":{"line":195,"column":8},"end":{"line":195,"column":8}},{"start":{"line":195,"column":8},"end":{"line":195,"column":8}}]},"17":{"line":196,"type":"if","locations":[{"start":{"line":196,"column":8},"end":{"line":196,"column":8}},{"start":{"line":196,"column":8},"end":{"line":196,"column":8}}]},"18":{"line":198,"type":"if","locations":[{"start":{"line":198,"column":8},"end":{"line":198,"column":8}},{"start":{"line":198,"column":8},"end":{"line":198,"column":8}}]},"19":{"line":218,"type":"if","locations":[{"start":{"line":218,"column":8},"end":{"line":218,"column":8}},{"start":{"line":218,"column":8},"end":{"line":218,"column":8}}]},"20":{"line":219,"type":"if","locations":[{"start":{"line":219,"column":8},"end":{"line":219,"column":8}},{"start":{"line":219,"column":8},"end":{"line":219,"column":8}}]},"21":{"line":220,"type":"if","locations":[{"start":{"line":220,"column":8},"end":{"line":220,"column":8}},{"start":{"line":220,"column":8},"end":{"line":220,"column":8}}]},"22":{"line":240,"type":"if","locations":[{"start":{"line":240,"column":8},"end":{"line":240,"column":8}},{"start":{"line":240,"column":8},"end":{"line":240,"column":8}}]},"23":{"line":241,"type":"if","locations":[{"start":{"line":241,"column":8},"end":{"line":241,"column":8}},{"start":{"line":241,"column":8},"end":{"line":241,"column":8}}]},"24":{"line":259,"type":"if","locations":[{"start":{"line":259,"column":8},"end":{"line":259,"column":8}},{"start":{"line":259,"column":8},"end":{"line":259,"column":8}}]},"25":{"line":260,"type":"if","locations":[{"start":{"line":260,"column":8},"end":{"line":260,"column":8}},{"start":{"line":260,"column":8},"end":{"line":260,"column":8}}]},"26":{"line":274,"type":"if","locations":[{"start":{"line":274,"column":8},"end":{"line":274,"column":8}},{"start":{"line":274,"column":8},"end":{"line":274,"column":8}}]},"27":{"line":288,"type":"if","locations":[{"start":{"line":288,"column":8},"end":{"line":288,"column":8}},{"start":{"line":288,"column":8},"end":{"line":288,"column":8}}]},"28":{"line":302,"type":"if","locations":[{"start":{"line":302,"column":8},"end":{"line":302,"column":8}},{"start":{"line":302,"column":8},"end":{"line":302,"column":8}}]},"29":{"line":316,"type":"if","locations":[{"start":{"line":316,"column":8},"end":{"line":316,"column":8}},{"start":{"line":316,"column":8},"end":{"line":316,"column":8}}]},"30":{"line":323,"type":"if","locations":[{"start":{"line":323,"column":12},"end":{"line":323,"column":12}},{"start":{"line":323,"column":12},"end":{"line":323,"column":12}}]},"31":{"line":343,"type":"if","locations":[{"start":{"line":343,"column":8},"end":{"line":343,"column":8}},{"start":{"line":343,"column":8},"end":{"line":343,"column":8}}]},"32":{"line":344,"type":"if","locations":[{"start":{"line":344,"column":8},"end":{"line":344,"column":8}},{"start":{"line":344,"column":8},"end":{"line":344,"column":8}}]}}},
"contracts/ITCToken.sol":{"l":{"30":14,"37":1,"53":0,"54":0,"55":0,"58":0,"61":0,"63":0,"65":0,"66":0,"81":0,"82":0,"83":0,"86":0,"89":0,"91":0,"92":0,"99":0,"106":0,"117":19},"path":"/Users/irvingsanchez/codecrypto/curso/codeEcommerce/contracts/ITCToken.sol","s":{"1":14,"2":1,"3":0,"4":0,"5":0,"6":0,"7":0,"8":0,"9":0,"10":0,"11":0,"12":0,"13":0,"14":0,"15":0,"16":0,"17":0,"18":19},"b":{"1":[0,0],"2":[0,0],"3":[0,0],"4":[0,0],"5":[0,0],"6":[0,0],"7":[0,0],"8":[0,0],"9":[0,0],"10":[0,0],"11":[0,0],"12":[0,0],"13":[0,0],"14":[19,0]},"f":{"1":14,"2":1,"3":0,"4":0,"5":0,"6":0,"7":19},"fnMap":{"1":{"name":"constructor","line":28,"loc":{"start":{"line":28,"column":4},"end":{"line":31,"column":4}}},"2":{"name":"decimals","line":36,"loc":{"start":{"line":36,"column":4},"end":{"line":38,"column":4}}},"3":{"name":"mintTokens","line":50,"loc":{"start":{"line":47,"column":4},"end":{"line":67,"column":4}}},"4":{"name":"burnTokens","line":78,"loc":{"start":{"line":75,"column":4},"end":{"line":93,"column":4}}},"5":{"name":"pause","line":98,"loc":{"start":{"line":98,"column":4},"end":{"line":100,"column":4}}},"6":{"name":"unpause","line":105,"loc":{"start":{"line":105,"column":4},"end":{"line":107,"column":4}}},"7":{"name":"_update","line":116,"loc":{"start":{"line":112,"column":4},"end":{"line":118,"column":4}}}},"statementMap":{"1":{"start":{"line":30,"column":8},"end":{"line":30,"column":36}},"2":{"start":{"line":37,"column":8},"end":{"line":37,"column":23}},"3":{"start":{"line":53,"column":8},"end":{"line":53,"column":61}},"4":{"start":{"line":54,"column":8},"end":{"line":54,"column":76}},"5":{"start":{"line":55,"column":8},"end":{"line":55,"column":76}},"6":{"start":{"line":61,"column":8},"end":{"line":61,"column":93}},"7":{"start":{"line":63,"column":8},"end":{"line":63,"column":29}},"8":{"start":{"line":65,"column":8},"end":{"line":65,"column":53}},"9":{"start":{"line":66,"column":8},"end":{"line":66,"column":26}},"10":{"start":{"line":81,"column":8},"end":{"line":81,"column":63}},"11":{"start":{"line":82,"column":8},"end":{"line":82,"column":80}},"12":{"start":{"line":83,"column":8},"end":{"line":83,"column":86}},"13":{"start":{"line":89,"column":8},"end":{"line":89,"column":31}},"14":{"start":{"line":91,"column":8},"end":{"line":91,"column":44}},"15":{"start":{"line":92,"column":8},"end":{"line":92,"column":24}},"16":{"start":{"line":99,"column":8},"end":{"line":99,"column":15}},"17":{"start":{"line":106,"column":8},"end":{"line":106,"column":17}},"18":{"start":{"line":117,"column":8},"end":{"line":117,"column":38}}},"branchMap":{"1":{"line":49,"type":"if","locations":[{"start":{"line":49,"column":8},"end":{"line":49,"column":8}},{"start":{"line":49,"column":8},"end":{"line":49,"column":8}}]},"2":{"line":50,"type":"if","locations":[{"start":{"line":50,"column":8},"end":{"line":50,"column":8}},{"start":{"line":50,"column":8},"end":{"line":50,"column":8}}]},"3":{"line":53,"type":"if","locations":[{"start":{"line":53,"column":8},"end":{"line":53,"column":8}},{"start":{"line":53,"column":8},"end":{"line":53,"column":8}}]},"4":{"line":54,"type":"if","locations":[{"start":{"line":54,"column":8},"end":{"line":54,"column":8}},{"start":{"line":54,"column":8},"end":{"line":54,"column":8}}]},"5":{"line":55,"type":"if","locations":[{"start":{"line":55,"column":8},"end":{"line":55,"column":8}},{"start":{"line":55,"column":8},"end":{"line":55,"column":8}}]},"6":{"line":61,"type":"if","locations":[{"start":{"line":61,"column":8},"end":{"line":61,"column":8}},{"start":{"line":61,"column":8},"end":{"line":61,"column":8}}]},"7":{"line":77,"type":"if","locations":[{"start":{"line":77,"column":8},"end":{"line":77,"column":8}},{"start":{"line":77,"column":8},"end":{"line":77,"column":8}}]},"8":{"line":78,"type":"if","locations":[{"start":{"line":78,"column":8},"end":{"line":78,"column":8}},{"start":{"line":78,"column":8},"end":{"line":78,"column":8}}]},"9":{"line":81,"type":"if","locations":[{"start":{"line":81,"column":8},"end":{"line":81,"column":8}},{"start":{"line":81,"column":8},"end":{"line":81,"column":8}}]},"10":{"line":82,"type":"if","locations":[{"start":{"line":82,"column":8},"end":{"line":82,"column":8}},{"start":{"line":82,"column":8},"end":{"line":82,"column":8}}]},"11":{"line":83,"type":"if","locations":[{"start":{"line":83,"column":8},"end":{"line":83,"column":8}},{"start":{"line":83,"column":8},"end":{"line":83,"column":8}}]},"12":{"line":98,"type":"if","locations":[{"start":{"line":98,"column":30},"end":{"line":98,"column":30}},{"start":{"line":98,"column":30},"end":{"line":98,"column":30}}]},"13":{"line":105,"type":"if","locations":[{"start":{"line":105,"column":32},"end":{"line":105,"column":32}},{"start":{"line":105,"column":32},"end":{"line":105,"column":32}}]},"14":{"line":116,"type":"if","locations":[{"start":{"line":116,"column":24},"end":{"line":116,"column":24}},{"start":{"line":116,"column":24},"end":{"line":116,"column":24}}]}}},
"contracts/Product.sol":{"l":{"62":16,"63":16,"67":0,"71":0,"75":9,"76":9,"102":6,"103":6,"104":6,"105":6,"108":6,"110":6,"122":6,"123":6,"124":6,"126":6,"127":6,"150":0,"151":0,"152":0,"154":0,"155":0,"156":0,"158":0,"177":0,"179":0,"196":0,"198":0,"215":0,"217":0,"235":1,"236":1,"240":1,"245":1,"246":1,"248":1,"267":5,"281":0,"295":1,"316":3,"317":3,"325":1},"path":"/Users/irvingsanchez/codecrypto/curso/codeEcommerce/contracts/Product.sol","s":{"1":16,"2":0,"3":9,"4":6,"5":6,"6":6,"7":6,"8":6,"9":6,"10":6,"11":6,"12":0,"13":0,"14":0,"15":0,"16":0,"17":0,"18":0,"19":1,"20":1,"21":1,"22":1,"23":5,"24":0,"25":1,"26":3,"27":3,"28":1},"b":{"1":[16,0],"2":[0,0],"3":[0,0],"4":[9,0],"5":[6,0],"6":[6,0],"7":[6,0],"8":[6,0],"9":[6,0],"10":[6,0],"11":[6,0],"12":[0,0],"13":[0,0],"14":[0,0],"15":[0,0],"16":[0,0],"17":[0,0],"18":[0,0],"19":[0,0],"20":[0,0],"21":[0,0],"22":[0,0],"23":[0,0],"24":[0,0],"25":[0,0],"26":[0,0],"27":[1,0],"28":[1,0],"29":[1,0],"30":[1,0],"31":[1,0],"32":[5,0],"33":[5,0],"34":[0,0],"35":[1,0],"36":[3,0],"37":[3,0]},"f":{"1":14,"2":16,"3":0,"4":9,"5":6,"6":0,"7":0,"8":0,"9":0,"10":1,"11":5,"12":0,"13":1,"14":3,"15":1},"fnMap":{"1":{"name":"constructor","line":13,"loc":{"start":{"line":13,"column":4},"end":{"line":13,"column":39}}},"2":{"name":"onlyValidCompany","line":61,"loc":{"start":{"line":61,"column":4},"end":{"line":64,"column":4}}},"3":{"name":"onlyProductOwner","line":66,"loc":{"start":{"line":66,"column":4},"end":{"line":72,"column":4}}},"4":{"name":"onlyExistingProduct","line":74,"loc":{"start":{"line":74,"column":4},"end":{"line":77,"column":4}}},"5":{"name":"createProduct","line":99,"loc":{"start":{"line":89,"column":4},"end":{"line":128,"column":4}}},"6":{"name":"updateProduct","line":148,"loc":{"start":{"line":138,"column":4},"end":{"line":159,"column":4}}},"7":{"name":"updateStock","line":175,"loc":{"start":{"line":167,"column":4},"end":{"line":180,"column":4}}},"8":{"name":"deactivateProduct","line":194,"loc":{"start":{"line":187,"column":4},"end":{"line":199,"column":4}}},"9":{"name":"activateProduct","line":213,"loc":{"start":{"line":206,"column":4},"end":{"line":218,"column":4}}},"10":{"name":"processSale","line":233,"loc":{"start":{"line":226,"column":4},"end":{"line":249,"column":4}}},"11":{"name":"getProductData","line":264,"loc":{"start":{"line":257,"column":4},"end":{"line":268,"column":4}}},"12":{"name":"getCompanyProducts","line":278,"loc":{"start":{"line":275,"column":4},"end":{"line":282,"column":4}}},"13":{"name":"getProductCount","line":292,"loc":{"start":{"line":289,"column":4},"end":{"line":296,"column":4}}},"14":{"name":"isProductAvailable","line":313,"loc":{"start":{"line":305,"column":4},"end":{"line":318,"column":4}}},"15":{"name":"getTotalProducts","line":324,"loc":{"start":{"line":324,"column":4},"end":{"line":326,"column":4}}}},"statementMap":{"1":{"start":{"line":62,"column":8},"end":{"line":62,"column":80}},"2":{"start":{"line":67,"column":8},"end":{"line":67,"column":2294}},"3":{"start":{"line":75,"column":8},"end":{"line":75,"column":86}},"4":{"start":{"line":102,"column":8},"end":{"line":102,"column":72}},"5":{"start":{"line":103,"column":8},"end":{"line":103,"column":67}},"6":{"start":{"line":104,"column":8},"end":{"line":104,"column":74}},"7":{"start":{"line":105,"column":8},"end":{"line":105,"column":67}},"8":{"start":{"line":110,"column":8},"end":{"line":110,"column":3762}},"9":{"start":{"line":123,"column":8},"end":{"line":123,"column":55}},"10":{"start":{"line":126,"column":8},"end":{"line":126,"column":86}},"11":{"start":{"line":127,"column":8},"end":{"line":127,"column":24}},"12":{"start":{"line":150,"column":8},"end":{"line":150,"column":72}},"13":{"start":{"line":151,"column":8},"end":{"line":151,"column":67}},"14":{"start":{"line":152,"column":8},"end":{"line":152,"column":74}},"15":{"start":{"line":158,"column":8},"end":{"line":158,"column":72}},"16":{"start":{"line":179,"column":8},"end":{"line":179,"column":65}},"17":{"start":{"line":198,"column":8},"end":{"line":198,"column":53}},"18":{"start":{"line":217,"column":8},"end":{"line":217,"column":51}},"19":{"start":{"line":235,"column":8},"end":{"line":235,"column":73}},"20":{"start":{"line":236,"column":8},"end":{"line":236,"column":7611}},"21":{"start":{"line":240,"column":8},"end":{"line":240,"column":7744}},"22":{"start":{"line":248,"column":8},"end":{"line":248,"column":62}},"23":{"start":{"line":267,"column":8},"end":{"line":267,"column":45}},"24":{"start":{"line":281,"column":8},"end":{"line":281,"column":47}},"25":{"start":{"line":295,"column":8},"end":{"line":295,"column":53}},"26":{"start":{"line":316,"column":8},"end":{"line":316,"column":65}},"27":{"start":{"line":317,"column":8},"end":{"line":317,"column":60}},"28":{"start":{"line":325,"column":8},"end":{"line":325,"column":35}}},"branchMap":{"1":{"line":62,"type":"if","locations":[{"start":{"line":62,"column":8},"end":{"line":62,"column":8}},{"start":{"line":62,"column":8},"end":{"line":62,"column":8}}]},"2":{"line":67,"type":"if","locations":[{"start":{"line":67,"column":8},"end":{"line":67,"column":8}},{"start":{"line":67,"column":8},"end":{"line":67,"column":8}}]},"3":{"line":68,"type":"cond-expr","locations":[{"start":{"line":68,"column":12},"end":{"line":68,"column":40}},{"start":{"line":68,"column":45},"end":{"line":68,"column":65}}]},"4":{"line":75,"type":"if","locations":[{"start":{"line":75,"column":8},"end":{"line":75,"column":8}},{"start":{"line":75,"column":8},"end":{"line":75,"column":8}}]},"5":{"line":97,"type":"if","locations":[{"start":{"line":97,"column":8},"end":{"line":97,"column":8}},{"start":{"line":97,"column":8},"end":{"line":97,"column":8}}]},"6":{"line":98,"type":"if","locations":[{"start":{"line":98,"column":8},"end":{"line":98,"column":8}},{"start":{"line":98,"column":8},"end":{"line":98,"column":8}}]},"7":{"line":99,"type":"if","locations":[{"start":{"line":99,"column":8},"end":{"line":99,"column":8}},{"start":{"line":99,"column":8},"end":{"line":99,"column":8}}]},"8":{"line":102,"type":"if","locations":[{"start":{"line":102,"column":8},"end":{"line":102,"column":8}},{"start":{"line":102,"column":8},"end":{"line":102,"column":8}}]},"9":{"line":103,"type":"if","locations":[{"start":{"line":103,"column":8},"end":{"line":103,"column":8}},{"start":{"line":103,"column":8},"end":{"line":103,"column":8}}]},"10":{"line":104,"type":"if","locations":[{"start":{"line":104,"column":8},"end":{"line":104,"column":8}},{"start":{"line":104,"column":8},"end":{"line":104,"column":8}}]},"11":{"line":105,"type":"if","locations":[{"start":{"line":105,"column":8},"end":{"line":105,"column":8}},{"start":{"line":105,"column":8},"end":{"line":105,"column":8}}]},"12":{"line":146,"type":"if","locations":[{"start":{"line":146,"column":8},"end":{"line":146,"column":8}},{"start":{"line":146,"column":8},"end":{"line":146,"column":8}}]},"13":{"line":147,"type":"if","locations":[{"start":{"line":147,"column":8},"end":{"line":147,"column":8}},{"start":{"line":147,"column":8},"end":{"line":147,"column":8}}]},"14":{"line":148,"type":"if","locations":[{"start":{"line":148,"column":8},"end":{"line":148,"column":8}},{"start":{"line":148,"column":8},"end":{"line":148,"column":8}}]},"15":{"line":150,"type":"if","locations":[{"start":{"line":150,"column":8},"end":{"line":150,"column":8}},{"start":{"line":150,"column":8},"end":{"line":150,"column":8}}]},"16":{"line":151,"type":"if","locations":[{"start":{"line":151,"column":8},"end":{"line":151,"column":8}},{"start":{"line":151,"column":8},"end":{"line":151,"column":8}}]},"17":{"line":152,"type":"if","locations":[{"start":{"line":152,"column":8},"end":{"line":152,"column":8}},{"start":{"line":152,"column":8},"end":{"line":152,"column":8}}]},"18":{"line":173,"type":"if","locations":[{"start":{"line":173,"column":8},"end":{"line":173,"column":8}},{"start":{"line":173,"column":8},"end":{"line":173,"column":8}}]},"19":{"line":174,"type":"if","locations":[{"start":{"line":174,"column":8},"end":{"line":174,"column":8}},{"start":{"line":174,"column":8},"end":{"line":174,"column":8}}]},"20":{"line":175,"type":"if","locations":[{"start":{"line":175,"column":8},"end":{"line":175,"column":8}},{"start":{"line":175,"column":8},"end":{"line":175,"column":8}}]},"21":{"line":192,"type":"if","locations":[{"start":{"line":192,"column":8},"end":{"line":192,"column":8}},{"start":{"line":192,"column":8},"end":{"line":192,"column":8}}]},"22":{"line":193,"type":"if","locations":[{"start":{"line":193,"column":8},"end":{"line":193,"column":8}},{"start":{"line":193,"column":8},"end":{"line":193,"column":8}}]},"23":{"line":194,"type":"if","locations":[{"start":{"line":194,"column":8},"end":{"line":194,"column":8}},{"start":{"line":194,"column":8},"end":{"line":194,"column":8}}]},"24":{"line":211,"type":"if","locations":[{"start":{"line":211,"column":8},"end":{"line":211,"column":8}},{"start":{"line":211,"column":8},"end":{"line":211,"column":8}}]},"25":{"line":212,"type":"if","locations":[{"start":{"line":212,"column":8},"end":{"line":212,"column":8}},{"start":{"line":212,"column":8},"end":{"line":212,"column":8}}]},"26":{"line":213,"type":"if","locations":[{"start":{"line":213,"column":8},"end":{"line":213,"column":8}},{"start":{"line":213,"column":8},"end":{"line":213,"column":8}}]},"27":{"line":232,"type":"if","locations":[{"start":{"line":232,"column":8},"end":{"line":232,"column":8}},{"start":{"line":232,"column":8},"end":{"line":232,"column":8}}]},"28":{"line":233,"type":"if","locations":[{"start":{"line":233,"column":8},"end":{"line":233,"column":8}},{"start":{"line":233,"column":8},"end":{"line":233,"column":8}}]},"29":{"line":235,"type":"if","locations":[{"start":{"line":235,"column":8},"end":{"line":235,"column":8}},{"start":{"line":235,"column":8},"end":{"line":235,"column":8}}]},"30":{"line":236,"type":"if","locations":[{"start":{"line":236,"column":8},"end":{"line":236,"column":8}},{"start":{"line":236,"column":8},"end":{"line":236,"column":8}}]},"31":{"line":240,"type":"if","locations":[{"start":{"line":240,"column":8},"end":{"line":240,"column":8}},{"start":{"line":240,"column":8},"end":{"line":240,"column":8}}]},"32":{"line":263,"type":"if","locations":[{"start":{"line":263,"column":8},"end":{"line":263,"column":8}},{"start":{"line":263,"column":8},"end":{"line":263,"column":8}}]},"33":{"line":264,"type":"if","locations":[{"start":{"line":264,"column":8},"end":{"line":264,"column":8}},{"start":{"line":264,"column":8},"end":{"line":264,"column":8}}]},"34":{"line":278,"type":"if","locations":[{"start":{"line":278,"column":8},"end":{"line":278,"column":8}},{"start":{"line":278,"column":8},"end":{"line":278,"column":8}}]},"35":{"line":292,"type":"if","locations":[{"start":{"line":292,"column":8},"end":{"line":292,"column":8}},{"start":{"line":292,"column":8},"end":{"line":292,"column":8}}]},"36":{"line":312,"type":"if","locations":[{"start":{"line":312,"column":8},"end":{"line":312,"column":8}},{"start":{"line":312,"column":8},"end":{"line":312,"column":8}}]},"37":{"line":313,"type":"if","locations":[{"start":{"line":313,"column":8},"end":{"line":313,"column":8}},{"start":{"line":313,"column":8},"end":{"line":313,"column":8}}]}}}}
