TN:
SF:/Users/irvingsanchez/codecrypto/curso/codeEcommerce/contracts/AuthorizedContract.sol
FN:20,onlyAuthorized
FN:26,authorizeContract
FN:34,deauthorizeContract
FNF:3
FNH:2
FNDA:24,onlyAuthorized
FNDA:56,authorizeContract
FNDA:0,deauthorizeContract
DA:21,24
DA:22,24
DA:27,56
DA:28,56
DA:30,56
DA:31,56
DA:35,0
DA:36,0
DA:38,0
DA:39,0
LF:10
LH:6
BRDA:21,1,0,24
BRDA:21,1,1,0
BRDA:21,2,0,0
BRDA:21,2,1,24
BRDA:26,3,0,56
BRDA:26,3,1,0
BRDA:27,4,0,56
BRDA:27,4,1,0
BRDA:28,5,0,56
BRDA:28,5,1,0
BRDA:34,6,0,0
BRDA:34,6,1,0
BRDA:35,7,0,0
BRDA:35,7,1,0
BRDA:36,8,0,0
BRDA:36,8,1,0
BRF:16
BRH:5
end_of_record
TN:
SF:/Users/irvingsanchez/codecrypto/curso/codeEcommerce/contracts/Client.sol
FN:13,constructor
FN:59,onlyValidCompany
FN:64,onlyValidClient
FN:69,onlyRegisteredClient
FN:91,registerClient
FN:130,updatePurchases
FN:154,deactivateClient
FN:178,activateClient
FN:204,getClientData
FN:218,getCompanyClients
FN:232,getClientCount
FN:246,getTotalRevenueFromClients
FN:275,isClientActive
FN:285,getTotalClients
FN:301,getTopClients
FNF:15
FNH:9
FNDA:14,constructor
FNDA:10,onlyValidCompany
FNDA:9,onlyValidClient
FNDA:3,onlyRegisteredClient
FNDA:6,registerClient
FNDA:1,updatePurchases
FNDA:0,deactivateClient
FNDA:0,activateClient
FNDA:2,getClientData
FNDA:0,getCompanyClients
FNDA:1,getClientCount
FNDA:0,getTotalRevenueFromClients
FNDA:0,isClientActive
FNDA:1,getTotalClients
FNDA:0,getTopClients
DA:60,10
DA:61,10
DA:65,9
DA:66,9
DA:70,3
DA:74,3
DA:93,6
DA:98,6
DA:108,6
DA:109,6
DA:110,6
DA:111,6
DA:113,6
DA:132,1
DA:134,1
DA:135,1
DA:136,1
DA:137,1
DA:139,1
DA:156,0
DA:161,0
DA:163,0
DA:180,0
DA:185,0
DA:187,0
DA:207,2
DA:221,0
DA:235,1
DA:249,0
DA:250,0
DA:252,0
DA:253,0
DA:254,0
DA:258,0
DA:278,0
DA:286,1
DA:304,0
DA:305,0
DA:307,0
DA:308,0
DA:312,0
DA:313,0
DA:316,0
DA:317,0
DA:318,0
DA:319,0
DA:323,0
DA:327,0
DA:328,0
DA:329,0
DA:330,0
DA:333,0
DA:336,0
LF:53
LH:22
BRDA:60,1,0,10
BRDA:60,1,1,0
BRDA:65,2,0,9
BRDA:65,2,1,0
BRDA:70,3,0,3
BRDA:70,3,1,0
BRDA:88,4,0,6
BRDA:88,4,1,0
BRDA:89,5,0,6
BRDA:89,5,1,0
BRDA:90,6,0,6
BRDA:90,6,1,0
BRDA:91,7,0,6
BRDA:91,7,1,0
BRDA:93,8,0,6
BRDA:93,8,1,0
BRDA:128,9,0,1
BRDA:128,9,1,0
BRDA:129,10,0,1
BRDA:129,10,1,0
BRDA:130,11,0,1
BRDA:130,11,1,0
BRDA:132,12,0,1
BRDA:132,12,1,0
BRDA:152,13,0,0
BRDA:152,13,1,0
BRDA:153,14,0,0
BRDA:153,14,1,0
BRDA:154,15,0,0
BRDA:154,15,1,0
BRDA:156,16,0,0
BRDA:156,16,1,0
BRDA:157,17,0,0
BRDA:157,17,1,0
BRDA:176,18,0,0
BRDA:176,18,1,0
BRDA:177,19,0,0
BRDA:177,19,1,0
BRDA:178,20,0,0
BRDA:178,20,1,0
BRDA:180,21,0,0
BRDA:180,21,1,0
BRDA:181,22,0,0
BRDA:181,22,1,0
BRDA:202,23,0,2
BRDA:202,23,1,0
BRDA:203,24,0,2
BRDA:203,24,1,0
BRDA:204,25,0,2
BRDA:204,25,1,0
BRDA:218,26,0,0
BRDA:218,26,1,0
BRDA:232,27,0,1
BRDA:232,27,1,0
BRDA:246,28,0,0
BRDA:246,28,1,0
BRDA:253,29,0,0
BRDA:253,29,1,0
BRDA:273,30,0,0
BRDA:273,30,1,0
BRDA:274,31,0,0
BRDA:274,31,1,0
BRDA:275,32,0,0
BRDA:275,32,1,0
BRDA:301,33,0,0
BRDA:301,33,1,0
BRDA:307,34,0,0
BRDA:307,34,1,0
BRDA:312,35,0,0
BRDA:312,35,1,0
BRDA:319,36,0,0
BRDA:319,36,1,0
BRDA:327,37,0,0
BRDA:327,37,1,0
BRF:74
BRH:16
end_of_record
TN:
SF:/Users/irvingsanchez/codecrypto/curso/codeEcommerce/contracts/Company.sol
FN:13,constructor
FN:42,onlyRegisteredCompany
FN:47,onlyValidCompany
FN:61,registerCompany
FN:91,updateCompanyName
FN:110,deactivateCompany
FN:128,activateCompany
FN:147,updateRevenue
FN:162,incrementProductCount
FN:173,incrementInvoiceCount
FN:186,getCompanyData
FN:196,getTotalCompanies
FN:204,getAllCompaniesAddresses
FN:216,isCompanyActive
FNF:14
FNH:9
FNDA:14,constructor
FNDA:0,onlyRegisteredCompany
FNDA:25,onlyValidCompany
FNDA:11,registerCompany
FNDA:0,updateCompanyName
FNDA:0,deactivateCompany
FNDA:0,activateCompany
FNDA:1,updateRevenue
FNDA:6,incrementProductCount
FNDA:1,incrementInvoiceCount
FNDA:1,getCompanyData
FNDA:1,getTotalCompanies
FNDA:0,getAllCompaniesAddresses
FNDA:16,isCompanyActive
DA:43,0
DA:44,0
DA:48,25
DA:49,25
DA:63,11
DA:64,11
DA:65,10
DA:67,10
DA:77,10
DA:78,10
DA:79,10
DA:81,10
DA:93,0
DA:97,0
DA:99,0
DA:101,0
DA:112,0
DA:117,0
DA:119,0
DA:130,0
DA:135,0
DA:137,0
DA:149,1
DA:151,1
DA:153,1
DA:164,6
DA:175,1
DA:189,1
DA:197,1
DA:205,0
DA:219,16
LF:31
LH:18
BRDA:43,1,0,0
BRDA:43,1,1,0
BRDA:48,2,0,25
BRDA:48,2,1,0
BRDA:60,3,0,11
BRDA:60,3,1,0
BRDA:61,4,0,11
BRDA:61,4,1,0
BRDA:63,5,0,11
BRDA:63,5,1,0
BRDA:64,6,0,10
BRDA:64,6,1,1
BRDA:65,7,0,10
BRDA:65,7,1,0
BRDA:91,8,0,0
BRDA:91,8,1,0
BRDA:93,9,0,0
BRDA:93,9,1,0
BRDA:94,10,0,0
BRDA:94,10,1,0
BRDA:97,11,0,0
BRDA:97,11,1,0
BRDA:110,12,0,0
BRDA:110,12,1,0
BRDA:112,13,0,0
BRDA:112,13,1,0
BRDA:113,14,0,0
BRDA:113,14,1,0
BRDA:128,15,0,0
BRDA:128,15,1,0
BRDA:130,16,0,0
BRDA:130,16,1,0
BRDA:131,17,0,0
BRDA:131,17,1,0
BRDA:147,18,0,1
BRDA:147,18,1,0
BRDA:149,19,0,1
BRDA:149,19,1,0
BRDA:162,20,0,6
BRDA:162,20,1,0
BRDA:173,21,0,1
BRDA:173,21,1,0
BRDA:186,22,0,1
BRDA:186,22,1,0
BRDA:216,23,0,16
BRDA:216,23,1,0
BRF:46
BRH:13
end_of_record
TN:
SF:/Users/irvingsanchez/codecrypto/curso/codeEcommerce/contracts/Ecommerce.sol
FN:54,onlyValidCompany
FN:59,onlyValidClient
FN:64,onlyRegisteredCompany
FN:72,onlyActiveCompany
FN:87,constructor
FN:114,registerCompany
FN:139,createProduct
FN:175,registerClient
FN:206,processPurchase
FN:312,updatePlatformFee
FN:323,updateTreasury
FN:336,updateContract
FN:363,getPlatformStats
FN:393,getCompanyStats
FN:412,pause
FN:419,unpause
FNF:16
FNH:11
FNDA:28,onlyValidCompany
FNDA:9,onlyValidClient
FNDA:17,onlyRegisteredCompany
FNDA:16,onlyActiveCompany
FNDA:14,constructor
FNDA:11,registerCompany
FNDA:7,createProduct
FNDA:6,registerClient
FNDA:3,processPurchase
FNDA:0,updatePlatformFee
FNDA:0,updateTreasury
FNDA:0,updateContract
FNDA:1,getPlatformStats
FNDA:1,getCompanyStats
FNDA:0,pause
FNDA:0,unpause
DA:55,28
DA:56,28
DA:60,9
DA:61,9
DA:65,17
DA:69,17
DA:73,16
DA:77,16
DA:88,14
DA:89,14
DA:90,14
DA:91,14
DA:92,14
DA:93,14
DA:95,14
DA:96,14
DA:97,14
DA:98,14
DA:99,14
DA:100,14
DA:116,11
DA:117,10
DA:142,7
DA:147,6
DA:156,6
DA:158,6
DA:159,6
DA:177,6
DA:182,6
DA:183,6
DA:209,3
DA:213,3
DA:216,3
DA:222,3
DA:223,3
DA:225,3
DA:226,3
DA:229,3
DA:235,3
DA:241,2
DA:242,2
DA:245,2
DA:254,2
DA:257,2
DA:263,1
DA:264,1
DA:267,1
DA:273,1
DA:274,1
DA:281,1
DA:282,1
DA:286,1
DA:293,1
DA:296,1
DA:299,1
DA:302,1
DA:304,1
DA:305,1
DA:313,0
DA:315,0
DA:316,0
DA:324,0
DA:326,0
DA:327,0
DA:328,0
DA:337,0
DA:339,0
DA:340,0
DA:342,0
DA:344,0
DA:346,0
DA:348,0
DA:350,0
DA:353,0
DA:373,1
DA:374,1
DA:375,1
DA:376,1
DA:378,1
DA:401,1
DA:402,1
DA:403,1
DA:404,1
DA:406,1
DA:413,0
DA:420,0
LF:86
LH:68
BRDA:55,1,0,28
BRDA:55,1,1,0
BRDA:60,2,0,9
BRDA:60,2,1,0
BRDA:65,3,0,17
BRDA:65,3,1,0
BRDA:73,4,0,16
BRDA:73,4,1,0
BRDA:88,5,0,14
BRDA:88,5,1,0
BRDA:89,6,0,14
BRDA:89,6,1,0
BRDA:90,7,0,14
BRDA:90,7,1,0
BRDA:91,8,0,14
BRDA:91,8,1,0
BRDA:92,9,0,14
BRDA:92,9,1,0
BRDA:93,10,0,14
BRDA:93,10,1,0
BRDA:113,11,0,11
BRDA:113,11,1,0
BRDA:114,12,0,11
BRDA:114,12,1,0
BRDA:137,13,0,7
BRDA:137,13,1,0
BRDA:138,14,0,7
BRDA:138,14,1,0
BRDA:139,15,0,7
BRDA:139,15,1,0
BRDA:142,16,0,6
BRDA:142,16,1,1
BRDA:143,17,0,0
BRDA:143,17,1,6
BRDA:172,18,0,6
BRDA:172,18,1,0
BRDA:173,19,0,6
BRDA:173,19,1,0
BRDA:174,20,0,6
BRDA:174,20,1,0
BRDA:175,21,0,6
BRDA:175,21,1,0
BRDA:177,22,0,6
BRDA:177,22,1,0
BRDA:178,23,0,0
BRDA:178,23,1,6
BRDA:201,24,0,3
BRDA:201,24,1,0
BRDA:202,25,0,3
BRDA:202,25,1,0
BRDA:203,26,0,3
BRDA:203,26,1,0
BRDA:204,27,0,3
BRDA:204,27,1,0
BRDA:205,28,0,3
BRDA:205,28,1,0
BRDA:206,29,0,3
BRDA:206,29,1,0
BRDA:209,30,0,3
BRDA:209,30,1,0
BRDA:213,31,0,3
BRDA:213,31,1,0
BRDA:216,32,0,3
BRDA:216,32,1,0
BRDA:226,33,0,3
BRDA:226,33,1,0
BRDA:235,34,0,2
BRDA:235,34,1,1
BRDA:254,35,0,2
BRDA:254,35,1,0
BRDA:257,36,0,1
BRDA:257,36,1,1
BRDA:267,37,0,1
BRDA:267,37,1,0
BRDA:273,38,0,1
BRDA:273,38,1,0
BRDA:274,39,0,1
BRDA:274,39,1,0
BRDA:312,40,0,0
BRDA:312,40,1,0
BRDA:313,41,0,0
BRDA:313,41,1,0
BRDA:323,42,0,0
BRDA:323,42,1,0
BRDA:324,43,0,0
BRDA:324,43,1,0
BRDA:336,44,0,0
BRDA:336,44,1,0
BRDA:337,45,0,0
BRDA:337,45,1,0
BRDA:339,46,0,0
BRDA:339,46,1,0
BRDA:341,47,0,0
BRDA:341,47,1,0
BRDA:343,48,0,0
BRDA:343,48,1,0
BRDA:345,49,0,0
BRDA:345,49,1,0
BRDA:347,50,0,0
BRDA:347,50,1,0
BRDA:392,51,0,1
BRDA:392,51,1,0
BRDA:393,52,0,1
BRDA:393,52,1,0
BRDA:412,53,0,0
BRDA:412,53,1,0
BRDA:419,54,0,0
BRDA:419,54,1,0
BRF:108
BRH:44
end_of_record
TN:
SF:/Users/irvingsanchez/codecrypto/curso/codeEcommerce/contracts/interfaces/IAuthorizedContract.sol
FNF:0
FNH:0
LF:0
LH:0
BRF:0
BRH:0
end_of_record
TN:
SF:/Users/irvingsanchez/codecrypto/curso/codeEcommerce/contracts/Invoice.sol
FN:13,constructor
FN:82,onlyValidCompany
FN:87,onlyValidClient
FN:92,onlyExistingInvoice
FN:97,onlyUnpaidInvoice
FN:126,createInvoice
FN:196,markAsPaid
FN:220,cancelInvoice
FN:241,getInvoiceData
FN:260,getInvoiceItems
FN:274,getCompanyInvoices
FN:288,getClientInvoices
FN:302,getInvoiceCount
FN:316,getTotalRevenue
FN:344,isInvoicePaid
FN:354,getTotalInvoices
FNF:16
FNH:10
FNDA:14,constructor
FNDA:4,onlyValidCompany
FNDA:1,onlyValidClient
FNDA:1,onlyExistingInvoice
FNDA:1,onlyUnpaidInvoice
FNDA:1,createInvoice
FNDA:1,markAsPaid
FNDA:0,cancelInvoice
FNDA:0,getInvoiceData
FNDA:0,getInvoiceItems
FNDA:0,getCompanyInvoices
FNDA:0,getClientInvoices
FNDA:1,getInvoiceCount
FNDA:1,getTotalRevenue
FNDA:0,isInvoicePaid
FNDA:1,getTotalInvoices
DA:83,4
DA:84,4
DA:88,1
DA:89,1
DA:93,1
DA:94,1
DA:98,1
DA:102,1
DA:106,1
DA:129,1
DA:132,1
DA:135,1
DA:136,1
DA:137,1
DA:138,1
DA:139,1
DA:143,1
DA:146,1
DA:149,1
DA:150,1
DA:151,1
DA:152,1
DA:153,1
DA:154,1
DA:155,1
DA:156,1
DA:157,1
DA:158,1
DA:161,1
DA:162,1
DA:163,1
DA:174,1
DA:175,1
DA:176,1
DA:178,1
DA:179,1
DA:198,1
DA:200,1
DA:201,1
DA:202,1
DA:203,1
DA:205,1
DA:222,0
DA:223,0
DA:225,0
DA:244,0
DA:263,0
DA:277,0
DA:291,0
DA:305,1
DA:319,1
DA:320,1
DA:322,1
DA:323,0
DA:324,0
DA:328,1
DA:347,0
DA:355,1
LF:58
LH:48
BRDA:83,1,0,4
BRDA:83,1,1,0
BRDA:88,2,0,1
BRDA:88,2,1,0
BRDA:93,3,0,1
BRDA:93,3,1,0
BRDA:98,4,0,1
BRDA:98,4,1,0
BRDA:102,5,0,1
BRDA:102,5,1,0
BRDA:123,6,0,1
BRDA:123,6,1,0
BRDA:124,7,0,1
BRDA:124,7,1,0
BRDA:125,8,0,1
BRDA:125,8,1,0
BRDA:126,9,0,1
BRDA:126,9,1,0
BRDA:129,10,0,1
BRDA:129,10,1,0
BRDA:137,11,0,1
BRDA:137,11,1,0
BRDA:138,12,0,1
BRDA:138,12,1,0
BRDA:139,13,0,1
BRDA:139,13,1,0
BRDA:146,14,0,1
BRDA:146,14,1,0
BRDA:194,15,0,1
BRDA:194,15,1,0
BRDA:195,16,0,1
BRDA:195,16,1,0
BRDA:196,17,0,1
BRDA:196,17,1,0
BRDA:198,18,0,1
BRDA:198,18,1,0
BRDA:218,19,0,0
BRDA:218,19,1,0
BRDA:219,20,0,0
BRDA:219,20,1,0
BRDA:220,21,0,0
BRDA:220,21,1,0
BRDA:240,22,0,0
BRDA:240,22,1,0
BRDA:241,23,0,0
BRDA:241,23,1,0
BRDA:259,24,0,0
BRDA:259,24,1,0
BRDA:260,25,0,0
BRDA:260,25,1,0
BRDA:274,26,0,0
BRDA:274,26,1,0
BRDA:288,27,0,0
BRDA:288,27,1,0
BRDA:302,28,0,1
BRDA:302,28,1,0
BRDA:316,29,0,1
BRDA:316,29,1,0
BRDA:323,30,0,0
BRDA:323,30,1,0
BRDA:343,31,0,0
BRDA:343,31,1,0
BRDA:344,32,0,0
BRDA:344,32,1,0
BRF:64
BRH:20
end_of_record
TN:
SF:/Users/irvingsanchez/codecrypto/curso/codeEcommerce/contracts/ITCToken.sol
FN:28,constructor
FN:36,decimals
FN:50,mintTokens
FN:78,burnTokens
FN:98,pause
FN:105,unpause
FN:116,_update
FNF:7
FNH:3
FNDA:14,constructor
FNDA:1,decimals
FNDA:0,mintTokens
FNDA:0,burnTokens
FNDA:0,pause
FNDA:0,unpause
FNDA:19,_update
DA:30,14
DA:37,1
DA:53,0
DA:54,0
DA:55,0
DA:58,0
DA:61,0
DA:63,0
DA:65,0
DA:66,0
DA:81,0
DA:82,0
DA:83,0
DA:86,0
DA:89,0
DA:91,0
DA:92,0
DA:99,0
DA:106,0
DA:117,19
LF:20
LH:3
BRDA:49,1,0,0
BRDA:49,1,1,0
BRDA:50,2,0,0
BRDA:50,2,1,0
BRDA:53,3,0,0
BRDA:53,3,1,0
BRDA:54,4,0,0
BRDA:54,4,1,0
BRDA:55,5,0,0
BRDA:55,5,1,0
BRDA:61,6,0,0
BRDA:61,6,1,0
BRDA:77,7,0,0
BRDA:77,7,1,0
BRDA:78,8,0,0
BRDA:78,8,1,0
BRDA:81,9,0,0
BRDA:81,9,1,0
BRDA:82,10,0,0
BRDA:82,10,1,0
BRDA:83,11,0,0
BRDA:83,11,1,0
BRDA:98,12,0,0
BRDA:98,12,1,0
BRDA:105,13,0,0
BRDA:105,13,1,0
BRDA:116,14,0,19
BRDA:116,14,1,0
BRF:28
BRH:1
end_of_record
TN:
SF:/Users/irvingsanchez/codecrypto/curso/codeEcommerce/contracts/Product.sol
FN:13,constructor
FN:61,onlyValidCompany
FN:66,onlyProductOwner
FN:74,onlyExistingProduct
FN:99,createProduct
FN:148,updateProduct
FN:175,updateStock
FN:194,deactivateProduct
FN:213,activateProduct
FN:233,processSale
FN:264,getProductData
FN:278,getCompanyProducts
FN:292,getProductCount
FN:313,isProductAvailable
FN:324,getTotalProducts
FNF:15
FNH:9
FNDA:14,constructor
FNDA:16,onlyValidCompany
FNDA:0,onlyProductOwner
FNDA:9,onlyExistingProduct
FNDA:6,createProduct
FNDA:0,updateProduct
FNDA:0,updateStock
FNDA:0,deactivateProduct
FNDA:0,activateProduct
FNDA:1,processSale
FNDA:5,getProductData
FNDA:0,getCompanyProducts
FNDA:1,getProductCount
FNDA:3,isProductAvailable
FNDA:1,getTotalProducts
DA:62,16
DA:63,16
DA:67,0
DA:71,0
DA:75,9
DA:76,9
DA:102,6
DA:103,6
DA:104,6
DA:105,6
DA:108,6
DA:110,6
DA:122,6
DA:123,6
DA:124,6
DA:126,6
DA:127,6
DA:150,0
DA:151,0
DA:152,0
DA:154,0
DA:155,0
DA:156,0
DA:158,0
DA:177,0
DA:179,0
DA:196,0
DA:198,0
DA:215,0
DA:217,0
DA:235,1
DA:236,1
DA:240,1
DA:245,1
DA:246,1
DA:248,1
DA:267,5
DA:281,0
DA:295,1
DA:316,3
DA:317,3
DA:325,1
LF:42
LH:26
BRDA:62,1,0,16
BRDA:62,1,1,0
BRDA:67,2,0,0
BRDA:67,2,1,0
BRDA:68,3,0,0
BRDA:68,3,1,0
BRDA:75,4,0,9
BRDA:75,4,1,0
BRDA:97,5,0,6
BRDA:97,5,1,0
BRDA:98,6,0,6
BRDA:98,6,1,0
BRDA:99,7,0,6
BRDA:99,7,1,0
BRDA:102,8,0,6
BRDA:102,8,1,0
BRDA:103,9,0,6
BRDA:103,9,1,0
BRDA:104,10,0,6
BRDA:104,10,1,0
BRDA:105,11,0,6
BRDA:105,11,1,0
BRDA:146,12,0,0
BRDA:146,12,1,0
BRDA:147,13,0,0
BRDA:147,13,1,0
BRDA:148,14,0,0
BRDA:148,14,1,0
BRDA:150,15,0,0
BRDA:150,15,1,0
BRDA:151,16,0,0
BRDA:151,16,1,0
BRDA:152,17,0,0
BRDA:152,17,1,0
BRDA:173,18,0,0
BRDA:173,18,1,0
BRDA:174,19,0,0
BRDA:174,19,1,0
BRDA:175,20,0,0
BRDA:175,20,1,0
BRDA:192,21,0,0
BRDA:192,21,1,0
BRDA:193,22,0,0
BRDA:193,22,1,0
BRDA:194,23,0,0
BRDA:194,23,1,0
BRDA:211,24,0,0
BRDA:211,24,1,0
BRDA:212,25,0,0
BRDA:212,25,1,0
BRDA:213,26,0,0
BRDA:213,26,1,0
BRDA:232,27,0,1
BRDA:232,27,1,0
BRDA:233,28,0,1
BRDA:233,28,1,0
BRDA:235,29,0,1
BRDA:235,29,1,0
BRDA:236,30,0,1
BRDA:236,30,1,0
BRDA:240,31,0,1
BRDA:240,31,1,0
BRDA:263,32,0,5
BRDA:263,32,1,0
BRDA:264,33,0,5
BRDA:264,33,1,0
BRDA:278,34,0,0
BRDA:278,34,1,0
BRDA:292,35,0,1
BRDA:292,35,1,0
BRDA:312,36,0,3
BRDA:312,36,1,0
BRDA:313,37,0,3
BRDA:313,37,1,0
BRF:74
BRH:19
end_of_record
